#
# There is insufficient memory for the Java Runtime Environment to continue.
# Native memory allocation (malloc) failed to allocate 1157296 bytes for Chunk::new
# Possible reasons:
#   The system is out of physical RAM or swap space
#   The process is running with CompressedOops enabled, and the Java Heap may be blocking the growth of the native heap
# Possible solutions:
#   Reduce memory load on the system
#   Increase physical memory or swap space
#   Check if swap backing store is full
#   Decrease Java heap size (-Xmx/-Xms)
#   Decrease number of Java threads
#   Decrease Java thread stack sizes (-Xss)
#   Set larger code cache with -XX:ReservedCodeCacheSize=
#   JVM is running with Zero Based Compressed Oops mode in which the Java heap is
#     placed in the first 32GB address space. The Java Heap base address is the
#     maximum limit for the native heap growth. Please use -XX:HeapBaseMinAddress
#     to set the Java Heap base and to place the Java Heap above 32GB virtual address.
# This output file may be truncated or incomplete.
#
#  Out of Memory Error (arena.cpp:168), pid=16552, tid=83392
#
# JRE version: Java(TM) SE Runtime Environment (21.0.4+8) (build 21.0.4+8-LTS-274)
# Java VM: Java HotSpot(TM) 64-Bit Server VM (21.0.4+8-LTS-274, mixed mode, sharing, tiered, compressed oops, compressed class ptrs, parallel gc, windows-amd64)
# No core dump will be written. Minidumps are not enabled by default on client versions of Windows
#

---------------  S U M M A R Y ------------

Command Line: -XX:+UseParallelGC -XX:MaxMetaspaceSize=1024m --add-opens=java.base/java.util=ALL-UNNAMED --add-opens=java.base/java.lang=ALL-UNNAMED --add-opens=java.base/java.lang.invoke=ALL-UNNAMED --add-opens=java.prefs/java.util.prefs=ALL-UNNAMED --add-opens=java.base/java.nio.charset=ALL-UNNAMED --add-opens=java.base/java.net=ALL-UNNAMED --add-opens=java.base/java.util.concurrent.atomic=ALL-UNNAMED -Xmx4096m -Dfile.encoding=UTF-8 -Duser.country=IN -Duser.language=en -Duser.variant -javaagent:C:\Users\jayes\.gradle\wrapper\dists\gradle-8.6-bin\afr5mpiioh2wthjmwnkmdsd5w\gradle-8.6\lib\agents\gradle-instrumentation-agent-8.6.jar org.gradle.launcher.daemon.bootstrap.GradleDaemon 8.6

Host: 12th Gen Intel(R) Core(TM) i5-12450H, 12 cores, 15G,  Windows 11 , 64 bit Build 26100 (10.0.26100.7920)
Time: Wed Mar 11 18:52:13 2026 India Standard Time elapsed time: 800.619565 seconds (0d 0h 13m 20s)

---------------  T H R E A D  ---------------

Current thread (0x000002c0f1a60280):  JavaThread "C2 CompilerThread0" daemon [_thread_in_native, id=83392, stack(0x000000d4f0600000,0x000000d4f0700000) (1024K)]


Current CompileTask:
C2: 800619 35151   !   4       java.nio.file.Files::walkFileTree (297 bytes)

Stack: [0x000000d4f0600000,0x000000d4f0700000]
Native frames: (J=compiled Java code, j=interpreted, Vv=VM code, C=native code)
V  [jvm.dll+0x6c8e59]
V  [jvm.dll+0x853181]
V  [jvm.dll+0x8556ae]
V  [jvm.dll+0x855d83]
V  [jvm.dll+0x27d526]
V  [jvm.dll+0xc4aad]
V  [jvm.dll+0xc4fe3]
V  [jvm.dll+0x3b3fd2]
V  [jvm.dll+0x1df439]
V  [jvm.dll+0x2463d2]
V  [jvm.dll+0x24585f]
V  [jvm.dll+0x1c69de]
V  [jvm.dll+0x254d49]
V  [jvm.dll+0x2532da]
V  [jvm.dll+0x3ed426]
V  [jvm.dll+0x7fd65b]
V  [jvm.dll+0x6c753d]
C  [ucrtbase.dll+0x37b0]
C  [KERNEL32.DLL+0x2e8d7]
C  [ntdll.dll+0x8c48c]


---------------  P R O C E S S  ---------------

Threads class SMR info:
_java_thread_list=0x000002c0fed445a0, length=221, elements={
0x000002c0cced5970, 0x000002c0ef939820, 0x000002c0ef93db00, 0x000002c0f1a52860,
0x000002c0f1a53950, 0x000002c0f1a581f0, 0x000002c0f1a593f0, 0x000002c0f1a60280,
0x000002c0f1a64ca0, 0x000002c0f1b60b10, 0x000002c0f1c0ff00, 0x000002c0f76d6870,
0x000002c0f72caee0, 0x000002c0f76def50, 0x000002c0f777d7d0, 0x000002c0f777cab0,
0x000002c0f777a350, 0x000002c0f777bd90, 0x000002c0fa7a4410, 0x000002c0fa7a3060,
0x000002c0fa7a2340, 0x000002c0fa7a1cb0, 0x000002c0fa7a36f0, 0x000002c0fb9d9e60,
0x000002c0fb9da4f0, 0x000002c0fb9d7070, 0x000002c0fb9d8420, 0x000002c0fb9d8ab0,
0x000002c0f91bc0f0, 0x000002c0f91b9300, 0x000002c0f91ba020, 0x000002c0f91bba60,
0x000002c0fbe496f0, 0x000002c0fcd54c50, 0x000002c0fe402740, 0x000002c0fe61f210,
0x000002c0f7c83b90, 0x000002c0fd7d6100, 0x000002c0fe23d3d0, 0x000002c0fe402dd0,
0x000002c0f95b9540, 0x000002c0b90bbb90, 0x000002c0b90bd5d0, 0x000002c0b90bae70,
0x000002c0fe401a20, 0x000002c0fe4020b0, 0x000002c0fe403460, 0x000002c0fe3fffe0,
0x000002c0fd7d46c0, 0x000002c0fe23ee10, 0x000002c0fe23f4a0, 0x000002c0fe23da60,
0x000002c0fe23e0f0, 0x000002c0fe23c020, 0x000002c0fe23c6b0, 0x000002c0fe23cd40,
0x000002c0f6bc6540, 0x000002c0f6bc5190, 0x000002c0f7bd95c0, 0x000002c0f7bd9c50,
0x000002c0f7bda2e0, 0x000002c0fe56aae0, 0x000002c0fe568a10, 0x000002c0fe56b170,
0x000002c0fe5690a0, 0x000002c0fe569730, 0x000002c0fe567cf0, 0x000002c0fe568380,
0x000002c0b92b4ed0, 0x000002c0b92b5560, 0x000002c0b92b4840, 0x000002c0b92b5bf0,
0x000002c0f7bdc220, 0x000002c0f7bdae70, 0x000002c0fe61f8a0, 0x000002c0f7bd8210,
0x000002c0f7bd7b80, 0x000002c0f7bd74f0, 0x000002c0fe6205c0, 0x000002c0fb90d120,
0x000002c0fb90d7b0, 0x000002c0fb90de40, 0x000002c0fb90ca90, 0x000002c0fb90c400,
0x000002c0fb90e4d0, 0x000002c0fb90b050, 0x000002c0fb90b6e0, 0x000002c0fb90bd70,
0x000002c0b9585b80, 0x000002c0b95868a0, 0x000002c0f95b6750, 0x000002c0f95b8190,
0x000002c0f96c6a50, 0x000002c0f95b9bd0, 0x000002c0fe79cba0, 0x000002c0fe79f990,
0x000002c0f7bd88a0, 0x000002c0ba51b6e0, 0x000002c0f96c7770, 0x000002c0fd7d4d50,
0x000002c0fda8e2b0, 0x000002c0b9586210, 0x000002c0f7bd8f30, 0x000002c0fda8cf00,
0x000002c0f96c5d30, 0x000002c0fda8d590, 0x000002c0f96c70e0, 0x000002c0fda8f660,
0x000002c0f7bd6e60, 0x000002c0fda8dc20, 0x000002c0fb4e2070, 0x000002c0fb4df280,
0x000002c0fe4d4c40, 0x000002c0f7c82e70, 0x000002c0f96c63c0, 0x000002c0f96c7e00,
0x000002c0f95b6de0, 0x000002c0fb4debf0, 0x000002c0f936ad50, 0x000002c0b90bdc60,
0x000002c0b90ba7e0, 0x000002c0fe79d230, 0x000002c0fe79f300, 0x000002c0f96c5010,
0x000002c0b90bb500, 0x000002c0fb4dffa0, 0x000002c0f93699a0, 0x000002c0b9583420,
0x000002c0fd227820, 0x000002c0f7c855d0, 0x000002c0fe79d8c0, 0x000002c0f93685f0,
0x000002c0fe4d52d0, 0x000002c0fb4df910, 0x000002c0fb4e0630, 0x000002c0fb4e0cc0,
0x000002c0fb4e1350, 0x000002c0f7bdb500, 0x000002c0b9583ab0, 0x000002c0f7bdbb90,
0x000002c0b9584e60, 0x000002c0b9fb0900, 0x000002c0b9584140, 0x000002c0b9fb0f90,
0x000002c0b95854f0, 0x000002c0b9fb3060, 0x000002c0b9fafbe0, 0x000002c0fd227190,
0x000002c0fda8e940, 0x000002c0b9fb1620, 0x000002c0f7c848b0, 0x000002c0f936b3e0,
0x000002c0f7c85c60, 0x000002c0f96c56a0, 0x000002c0fda8efd0, 0x000002c0fd24f630,
0x000002c0fda8fcf0, 0x000002c0f6b9dfd0, 0x000002c0fd227eb0, 0x000002c0fe4d5960,
0x000002c0f9369310, 0x000002c0fd228bd0, 0x000002c0fe4d9470, 0x000002c0b95847d0,
0x000002c0f6b9cc20, 0x000002c0fe79e5e0, 0x000002c0fb70e220, 0x000002c0fe770ce0,
0x000002c0fd251070, 0x000002c0f6b9d2b0, 0x000002c0b90bc220, 0x000002c0b9fb0270,
0x000002c0fd226b00, 0x000002c0fc5e23d0, 0x000002c0fda90380, 0x000002c0fe76f930,
0x000002c0fd24e910, 0x000002c0fd2298f0, 0x000002c0fd228540, 0x000002c0fd24fcc0,
0x000002c0f1c51080, 0x000002c0fd250350, 0x000002c0b9fb1cb0, 0x000002c0b9fb2340,
0x000002c0b9fb29d0, 0x000002c0fd657fe0, 0x000002c0fd656c30, 0x000002c0fd657950,
0x000002c0fd6572c0, 0x000002c0f1c52ac0, 0x000002c0fe772720, 0x000002c0fe4d8750,
0x000002c0fe4d8de0, 0x000002c0fe4d5ff0, 0x000002c0fd229f80, 0x000002c0f1c4f640,
0x000002c0fe4d9b00, 0x000002c0fe771370, 0x000002c0fe772090, 0x000002c0fe772db0,
0x000002c0fe771a00, 0x000002c0b9eea3b0, 0x000002c0b9ee9d20, 0x000002c0b9ee9690,
0x000002c0b9ee6f30, 0x000002c0b9ee82e0, 0x000002c0b9ee75c0, 0x000002c0b9ee7c50,
0x000002c0b9ee9000, 0x000002c0fc5e2a60, 0x000002c0fb70db90, 0x000002c0bfad1bc0,
0x000002c0f1c52430, 0x000002c0f936a030, 0x000002c0fd7d5a70, 0x000002c0fb70e8b0,
0x000002c0fd658d00, 0x000002c0fd658670, 0x000002c0f9367f60, 0x000002c0fd229260,
0x000002c0fd65a0b0
}

Java Threads: ( => current thread )
  0x000002c0cced5970 JavaThread "main"                              [_thread_blocked, id=29924, stack(0x000000d4efc00000,0x000000d4efd00000) (1024K)]
  0x000002c0ef939820 JavaThread "Reference Handler"          daemon [_thread_blocked, id=48404, stack(0x000000d4f0000000,0x000000d4f0100000) (1024K)]
  0x000002c0ef93db00 JavaThread "Finalizer"                  daemon [_thread_blocked, id=87212, stack(0x000000d4f0100000,0x000000d4f0200000) (1024K)]
  0x000002c0f1a52860 JavaThread "Signal Dispatcher"          daemon [_thread_blocked, id=68132, stack(0x000000d4f0200000,0x000000d4f0300000) (1024K)]
  0x000002c0f1a53950 JavaThread "Attach Listener"            daemon [_thread_blocked, id=52504, stack(0x000000d4f0300000,0x000000d4f0400000) (1024K)]
  0x000002c0f1a581f0 JavaThread "Service Thread"             daemon [_thread_blocked, id=58920, stack(0x000000d4f0400000,0x000000d4f0500000) (1024K)]
  0x000002c0f1a593f0 JavaThread "Monitor Deflation Thread"   daemon [_thread_blocked, id=46736, stack(0x000000d4f0500000,0x000000d4f0600000) (1024K)]
=>0x000002c0f1a60280 JavaThread "C2 CompilerThread0"         daemon [_thread_in_native, id=83392, stack(0x000000d4f0600000,0x000000d4f0700000) (1024K)]
  0x000002c0f1a64ca0 JavaThread "C1 CompilerThread0"         daemon [_thread_blocked, id=73072, stack(0x000000d4f0700000,0x000000d4f0800000) (1024K)]
  0x000002c0f1b60b10 JavaThread "Common-Cleaner"             daemon [_thread_blocked, id=37988, stack(0x000000d4f0800000,0x000000d4f0900000) (1024K)]
  0x000002c0f1c0ff00 JavaThread "Notification Thread"        daemon [_thread_blocked, id=43400, stack(0x000000d4f0900000,0x000000d4f0a00000) (1024K)]
  0x000002c0f76d6870 JavaThread "Daemon health stats"               [_thread_blocked, id=73732, stack(0x000000d4f0f00000,0x000000d4f1000000) (1024K)]
  0x000002c0f72caee0 JavaThread "Incoming local TCP Connector on port 52084"        [_thread_in_native, id=29468, stack(0x000000d4f1000000,0x000000d4f1100000) (1024K)]
  0x000002c0f76def50 JavaThread "Daemon periodic checks"            [_thread_blocked, id=49184, stack(0x000000d4f1100000,0x000000d4f1200000) (1024K)]
  0x000002c0f777d7d0 JavaThread "Cache worker for journal cache (C:\Users\jayes\.gradle\caches\journal-1)"        [_thread_blocked, id=32680, stack(0x000000d4f1900000,0x000000d4f1a00000) (1024K)]
  0x000002c0f777cab0 JavaThread "File lock request listener"        [_thread_in_native, id=17240, stack(0x000000d4f1a00000,0x000000d4f1b00000) (1024K)]
  0x000002c0f777a350 JavaThread "Cache worker for file hash cache (C:\Users\jayes\.gradle\caches\8.6\fileHashes)"        [_thread_blocked, id=44084, stack(0x000000d4f1b00000,0x000000d4f1c00000) (1024K)]
  0x000002c0f777bd90 JavaThread "File watcher server"        daemon [_thread_in_native, id=57920, stack(0x000000d4f2200000,0x000000d4f2300000) (1024K)]
  0x000002c0fa7a4410 JavaThread "File watcher consumer"      daemon [_thread_blocked, id=88708, stack(0x000000d4f2300000,0x000000d4f2400000) (1024K)]
  0x000002c0fa7a3060 JavaThread "Cache worker for file content cache (C:\Users\jayes\.gradle\caches\8.6\fileContent)"        [_thread_blocked, id=66428, stack(0x000000d4f2800000,0x000000d4f2900000) (1024K)]
  0x000002c0fa7a2340 JavaThread "jar transforms"                    [_thread_blocked, id=35000, stack(0x000000d4f2900000,0x000000d4f2a00000) (1024K)]
  0x000002c0fa7a1cb0 JavaThread "jar transforms Thread 2"           [_thread_blocked, id=40088, stack(0x000000d4f2a00000,0x000000d4f2b00000) (1024K)]
  0x000002c0fa7a36f0 JavaThread "jar transforms Thread 3"           [_thread_blocked, id=58840, stack(0x000000d4f2000000,0x000000d4f2100000) (1024K)]
  0x000002c0fb9d9e60 JavaThread "jar transforms Thread 4"           [_thread_blocked, id=66432, stack(0x000000d4f3500000,0x000000d4f3600000) (1024K)]
  0x000002c0fb9da4f0 JavaThread "jar transforms Thread 5"           [_thread_blocked, id=66960, stack(0x000000d4f3600000,0x000000d4f3700000) (1024K)]
  0x000002c0fb9d7070 JavaThread "jar transforms Thread 6"           [_thread_blocked, id=55176, stack(0x000000d4f3700000,0x000000d4f3800000) (1024K)]
  0x000002c0fb9d8420 JavaThread "jar transforms Thread 7"           [_thread_blocked, id=83228, stack(0x000000d4f3800000,0x000000d4f3900000) (1024K)]
  0x000002c0fb9d8ab0 JavaThread "jar transforms Thread 8"           [_thread_blocked, id=36932, stack(0x000000d4f3900000,0x000000d4f3a00000) (1024K)]
  0x000002c0f91bc0f0 JavaThread "jar transforms Thread 9"           [_thread_blocked, id=65064, stack(0x000000d4f3a00000,0x000000d4f3b00000) (1024K)]
  0x000002c0f91b9300 JavaThread "jar transforms Thread 10"          [_thread_blocked, id=48148, stack(0x000000d4f3b00000,0x000000d4f3c00000) (1024K)]
  0x000002c0f91ba020 JavaThread "jar transforms Thread 11"          [_thread_blocked, id=66888, stack(0x000000d4f3c00000,0x000000d4f3d00000) (1024K)]
  0x000002c0f91bba60 JavaThread "jar transforms Thread 12"          [_thread_blocked, id=87368, stack(0x000000d4f3d00000,0x000000d4f3e00000) (1024K)]
  0x000002c0fbe496f0 JavaThread "Memory manager"                    [_thread_blocked, id=48120, stack(0x000000d4f4b00000,0x000000d4f4c00000) (1024K)]
  0x000002c0fcd54c50 JavaThread "pool-3-thread-1"                   [_thread_blocked, id=82904, stack(0x000000d4f4e00000,0x000000d4f4f00000) (1024K)]
  0x000002c0fe402740 JavaThread "ForkJoinPool.commonPool-worker-7" daemon [_thread_blocked, id=91404, stack(0x000000d4fc600000,0x000000d4fc700000) (1024K)]
  0x000002c0fe61f210 JavaThread "pool-7-thread-1"                   [_thread_blocked, id=102668, stack(0x000000d4ef900000,0x000000d4efa00000) (1024K)]
  0x000002c0f7c83b90 JavaThread "pool-11-thread-1"                  [_thread_blocked, id=80100, stack(0x000000d4f4200000,0x000000d4f4300000) (1024K)]
  0x000002c0fd7d6100 JavaThread "ForkJoinPool.commonPool-worker-13" daemon [_thread_blocked, id=56732, stack(0x000000d4fc400000,0x000000d4fc500000) (1024K)]
  0x000002c0fe23d3d0 JavaThread "ForkJoinPool.commonPool-worker-14" daemon [_thread_blocked, id=52432, stack(0x000000d4fc700000,0x000000d4fc800000) (1024K)]
  0x000002c0fe402dd0 JavaThread "pool-15-thread-1"                  [_thread_blocked, id=94920, stack(0x000000d4f3e00000,0x000000d4f3f00000) (1024K)]
  0x000002c0f95b9540 JavaThread "Daemon Thread 4"                   [_thread_blocked, id=45388, stack(0x000000d4efa00000,0x000000d4efb00000) (1024K)]
  0x000002c0b90bbb90 JavaThread "Handler for socket connection from /127.0.0.1:52084 to /127.0.0.1:56914"        [_thread_in_native, id=42580, stack(0x000000d4efb00000,0x000000d4efc00000) (1024K)]
  0x000002c0b90bd5d0 JavaThread "Cancel handler"                    [_thread_blocked, id=67208, stack(0x000000d4f1200000,0x000000d4f1300000) (1024K)]
  0x000002c0b90bae70 JavaThread "Daemon worker Thread 4"            [_thread_blocked, id=64756, stack(0x000000d4f1300000,0x000000d4f1400000) (1024K)]
  0x000002c0fe401a20 JavaThread "Asynchronous log dispatcher for DefaultDaemonConnection: socket connection from /127.0.0.1:52084 to /127.0.0.1:56914"        [_thread_blocked, id=90220, stack(0x000000d4f1400000,0x000000d4f1500000) (1024K)]
  0x000002c0fe4020b0 JavaThread "Stdin handler"                     [_thread_blocked, id=35712, stack(0x000000d4f1500000,0x000000d4f1600000) (1024K)]
  0x000002c0fe403460 JavaThread "Daemon client event forwarder"        [_thread_blocked, id=94620, stack(0x000000d4f1600000,0x000000d4f1700000) (1024K)]
  0x000002c0fe3fffe0 JavaThread "Cache worker for checksums cache (C:\Users\jayes\OneDrive\Desktop\ALGOVIZ\.gradle\8.6\checksums)"        [_thread_blocked, id=97220, stack(0x000000d4f1700000,0x000000d4f1800000) (1024K)]
  0x000002c0fd7d46c0 JavaThread "Cache worker for file hash cache (C:\Users\jayes\OneDrive\Desktop\ALGOVIZ\.gradle\8.6\fileHashes)"        [_thread_blocked, id=66328, stack(0x000000d4f1800000,0x000000d4f1900000) (1024K)]
  0x000002c0fe23ee10 JavaThread "Cache worker for cache directory md-supplier (C:\Users\jayes\.gradle\caches\8.6\md-supplier)"        [_thread_blocked, id=102108, stack(0x000000d4f2100000,0x000000d4f2200000) (1024K)]
  0x000002c0fe23f4a0 JavaThread "Cache worker for cache directory md-rule (C:\Users\jayes\.gradle\caches\8.6\md-rule)"        [_thread_blocked, id=53832, stack(0x000000d4f2400000,0x000000d4f2500000) (1024K)]
  0x000002c0fe23da60 JavaThread "Unconstrained build operations"        [_thread_blocked, id=46600, stack(0x000000d4f2500000,0x000000d4f2600000) (1024K)]
  0x000002c0fe23e0f0 JavaThread "Unconstrained build operations Thread 2"        [_thread_blocked, id=99588, stack(0x000000d4f2600000,0x000000d4f2700000) (1024K)]
  0x000002c0fe23c020 JavaThread "Unconstrained build operations Thread 3"        [_thread_blocked, id=39736, stack(0x000000d4f2700000,0x000000d4f2800000) (1024K)]
  0x000002c0fe23c6b0 JavaThread "Unconstrained build operations Thread 4"        [_thread_blocked, id=91656, stack(0x000000d4f2b00000,0x000000d4f2c00000) (1024K)]
  0x000002c0fe23cd40 JavaThread "Unconstrained build operations Thread 5"        [_thread_blocked, id=97532, stack(0x000000d4f2c00000,0x000000d4f2d00000) (1024K)]
  0x000002c0f6bc6540 JavaThread "Unconstrained build operations Thread 6"        [_thread_blocked, id=90428, stack(0x000000d4f2d00000,0x000000d4f2e00000) (1024K)]
  0x000002c0f6bc5190 JavaThread "Unconstrained build operations Thread 7"        [_thread_blocked, id=62676, stack(0x000000d4f2e00000,0x000000d4f2f00000) (1024K)]
  0x000002c0f7bd95c0 JavaThread "Unconstrained build operations Thread 8"        [_thread_blocked, id=99460, stack(0x000000d4f2f00000,0x000000d4f3000000) (1024K)]
  0x000002c0f7bd9c50 JavaThread "Unconstrained build operations Thread 9"        [_thread_blocked, id=10108, stack(0x000000d4f3000000,0x000000d4f3100000) (1024K)]
  0x000002c0f7bda2e0 JavaThread "Unconstrained build operations Thread 10"        [_thread_blocked, id=92092, stack(0x000000d4f3100000,0x000000d4f3200000) (1024K)]
  0x000002c0fe56aae0 JavaThread "Cache worker for Build Output Cleanup Cache (C:\Users\jayes\OneDrive\Desktop\ALGOVIZ\.gradle\buildOutputCleanup)"        [_thread_blocked, id=89988, stack(0x000000d4f3200000,0x000000d4f3300000) (1024K)]
  0x000002c0fe568a10 JavaThread "Unconstrained build operations Thread 11"        [_thread_blocked, id=39136, stack(0x000000d4f3400000,0x000000d4f3500000) (1024K)]
  0x000002c0fe56b170 JavaThread "Unconstrained build operations Thread 12"        [_thread_blocked, id=91096, stack(0x000000d4f3f00000,0x000000d4f4000000) (1024K)]
  0x000002c0fe5690a0 JavaThread "Unconstrained build operations Thread 13"        [_thread_blocked, id=33332, stack(0x000000d4f4000000,0x000000d4f4100000) (1024K)]
  0x000002c0fe569730 JavaThread "Unconstrained build operations Thread 14"        [_thread_blocked, id=52852, stack(0x000000d4f4100000,0x000000d4f4200000) (1024K)]
  0x000002c0fe567cf0 JavaThread "Unconstrained build operations Thread 15"        [_thread_blocked, id=75216, stack(0x000000d4f4300000,0x000000d4f4400000) (1024K)]
  0x000002c0fe568380 JavaThread "Unconstrained build operations Thread 16"        [_thread_blocked, id=48224, stack(0x000000d4f4400000,0x000000d4f4500000) (1024K)]
  0x000002c0b92b4ed0 JavaThread "Unconstrained build operations Thread 17"        [_thread_blocked, id=52832, stack(0x000000d4f4500000,0x000000d4f4600000) (1024K)]
  0x000002c0b92b5560 JavaThread "Unconstrained build operations Thread 18"        [_thread_blocked, id=90640, stack(0x000000d4f4600000,0x000000d4f4700000) (1024K)]
  0x000002c0b92b4840 JavaThread "Unconstrained build operations Thread 19"        [_thread_blocked, id=101416, stack(0x000000d4f4700000,0x000000d4f4800000) (1024K)]
  0x000002c0b92b5bf0 JavaThread "Unconstrained build operations Thread 20"        [_thread_blocked, id=55908, stack(0x000000d4f4800000,0x000000d4f4900000) (1024K)]
  0x000002c0f7bdc220 JavaThread "Unconstrained build operations Thread 21"        [_thread_blocked, id=104252, stack(0x000000d4f4900000,0x000000d4f4a00000) (1024K)]
  0x000002c0f7bdae70 JavaThread "build event listener"              [_thread_blocked, id=70924, stack(0x000000d4f3300000,0x000000d4f3400000) (1024K)]
  0x000002c0fe61f8a0 JavaThread "build event listener"              [_thread_blocked, id=103868, stack(0x000000d4f4a00000,0x000000d4f4b00000) (1024K)]
  0x000002c0f7bd8210 JavaThread "pool-18-thread-1"                  [_thread_blocked, id=89032, stack(0x000000d4f4d00000,0x000000d4f4e00000) (1024K)]
  0x000002c0f7bd7b80 JavaThread "build event listener"              [_thread_blocked, id=43972, stack(0x000000d4f4f00000,0x000000d4f5000000) (1024K)]
  0x000002c0f7bd74f0 JavaThread "included builds"                   [_thread_blocked, id=73240, stack(0x000000d4f5000000,0x000000d4f5100000) (1024K)]
  0x000002c0fe6205c0 JavaThread "Execution worker"                  [_thread_blocked, id=91468, stack(0x000000d4f5100000,0x000000d4f5200000) (1024K)]
  0x000002c0fb90d120 JavaThread "Execution worker Thread 2"         [_thread_blocked, id=100780, stack(0x000000d4f5200000,0x000000d4f5300000) (1024K)]
  0x000002c0fb90d7b0 JavaThread "Execution worker Thread 3"         [_thread_blocked, id=85712, stack(0x000000d4f5300000,0x000000d4f5400000) (1024K)]
  0x000002c0fb90de40 JavaThread "Execution worker Thread 4"         [_thread_blocked, id=44380, stack(0x000000d4f5400000,0x000000d4f5500000) (1024K)]
  0x000002c0fb90ca90 JavaThread "Execution worker Thread 5"         [_thread_blocked, id=56556, stack(0x000000d4f5500000,0x000000d4f5600000) (1024K)]
  0x000002c0fb90c400 JavaThread "Execution worker Thread 6"         [_thread_blocked, id=49284, stack(0x000000d4f5600000,0x000000d4f5700000) (1024K)]
  0x000002c0fb90e4d0 JavaThread "Execution worker Thread 7"         [_thread_blocked, id=102820, stack(0x000000d4f5700000,0x000000d4f5800000) (1024K)]
  0x000002c0fb90b050 JavaThread "Execution worker Thread 8"         [_thread_blocked, id=87252, stack(0x000000d4f5800000,0x000000d4f5900000) (1024K)]
  0x000002c0fb90b6e0 JavaThread "Execution worker Thread 9"         [_thread_blocked, id=73576, stack(0x000000d4f5900000,0x000000d4f5a00000) (1024K)]
  0x000002c0fb90bd70 JavaThread "Execution worker Thread 10"        [_thread_in_native, id=92920, stack(0x000000d4f5a00000,0x000000d4f5b00000) (1024K)]
  0x000002c0b9585b80 JavaThread "Execution worker Thread 11"        [_thread_blocked, id=102608, stack(0x000000d4f5b00000,0x000000d4f5c00000) (1024K)]
  0x000002c0b95868a0 JavaThread "Cache worker for execution history cache (C:\Users\jayes\OneDrive\Desktop\ALGOVIZ\.gradle\8.6\executionHistory)"        [_thread_blocked, id=71792, stack(0x000000d4f5c00000,0x000000d4f5d00000) (1024K)]
  0x000002c0f95b6750 JavaThread "Unconstrained build operations Thread 22"        [_thread_blocked, id=43144, stack(0x000000d4f5d00000,0x000000d4f5e00000) (1024K)]
  0x000002c0f95b8190 JavaThread "Unconstrained build operations Thread 23"        [_thread_blocked, id=60332, stack(0x000000d4f5e00000,0x000000d4f5f00000) (1024K)]
  0x000002c0f96c6a50 JavaThread "Unconstrained build operations Thread 24"        [_thread_blocked, id=83656, stack(0x000000d4f5f00000,0x000000d4f6000000) (1024K)]
  0x000002c0f95b9bd0 JavaThread "Unconstrained build operations Thread 25"        [_thread_blocked, id=103000, stack(0x000000d4f6000000,0x000000d4f6100000) (1024K)]
  0x000002c0fe79cba0 JavaThread "Unconstrained build operations Thread 26"        [_thread_blocked, id=76584, stack(0x000000d4f6100000,0x000000d4f6200000) (1024K)]
  0x000002c0fe79f990 JavaThread "Unconstrained build operations Thread 27"        [_thread_blocked, id=100612, stack(0x000000d4f6200000,0x000000d4f6300000) (1024K)]
  0x000002c0f7bd88a0 JavaThread "Unconstrained build operations Thread 28"        [_thread_blocked, id=20748, stack(0x000000d4f6300000,0x000000d4f6400000) (1024K)]
  0x000002c0ba51b6e0 JavaThread "Unconstrained build operations Thread 29"        [_thread_blocked, id=11080, stack(0x000000d4f6400000,0x000000d4f6500000) (1024K)]
  0x000002c0f96c7770 JavaThread "Unconstrained build operations Thread 30"        [_thread_blocked, id=73640, stack(0x000000d4f6500000,0x000000d4f6600000) (1024K)]
  0x000002c0fd7d4d50 JavaThread "Unconstrained build operations Thread 31"        [_thread_blocked, id=68988, stack(0x000000d4f6600000,0x000000d4f6700000) (1024K)]
  0x000002c0fda8e2b0 JavaThread "Unconstrained build operations Thread 32"        [_thread_blocked, id=20600, stack(0x000000d4f6700000,0x000000d4f6800000) (1024K)]
  0x000002c0b9586210 JavaThread "Unconstrained build operations Thread 33"        [_thread_blocked, id=72428, stack(0x000000d4f6800000,0x000000d4f6900000) (1024K)]
  0x000002c0f7bd8f30 JavaThread "Unconstrained build operations Thread 34"        [_thread_blocked, id=100924, stack(0x000000d4f6900000,0x000000d4f6a00000) (1024K)]
  0x000002c0fda8cf00 JavaThread "Unconstrained build operations Thread 35"        [_thread_blocked, id=56064, stack(0x000000d4f6a00000,0x000000d4f6b00000) (1024K)]
  0x000002c0f96c5d30 JavaThread "Unconstrained build operations Thread 36"        [_thread_blocked, id=88128, stack(0x000000d4f6b00000,0x000000d4f6c00000) (1024K)]
  0x000002c0fda8d590 JavaThread "Unconstrained build operations Thread 41"        [_thread_blocked, id=50444, stack(0x000000d4f6c00000,0x000000d4f6d00000) (1024K)]
  0x000002c0f96c70e0 JavaThread "Unconstrained build operations Thread 42"        [_thread_blocked, id=90496, stack(0x000000d4f6d00000,0x000000d4f6e00000) (1024K)]
  0x000002c0fda8f660 JavaThread "Unconstrained build operations Thread 43"        [_thread_blocked, id=82436, stack(0x000000d4f6e00000,0x000000d4f6f00000) (1024K)]
  0x000002c0f7bd6e60 JavaThread "Unconstrained build operations Thread 40"        [_thread_blocked, id=25484, stack(0x000000d4f6f00000,0x000000d4f7000000) (1024K)]
  0x000002c0fda8dc20 JavaThread "Unconstrained build operations Thread 37"        [_thread_blocked, id=69428, stack(0x000000d4f7000000,0x000000d4f7100000) (1024K)]
  0x000002c0fb4e2070 JavaThread "Unconstrained build operations Thread 46"        [_thread_blocked, id=17324, stack(0x000000d4f7100000,0x000000d4f7200000) (1024K)]
  0x000002c0fb4df280 JavaThread "Unconstrained build operations Thread 47"        [_thread_blocked, id=74376, stack(0x000000d4f7200000,0x000000d4f7300000) (1024K)]
  0x000002c0fe4d4c40 JavaThread "Unconstrained build operations Thread 44"        [_thread_blocked, id=95068, stack(0x000000d4f7300000,0x000000d4f7400000) (1024K)]
  0x000002c0f7c82e70 JavaThread "Unconstrained build operations Thread 45"        [_thread_blocked, id=86220, stack(0x000000d4f7400000,0x000000d4f7500000) (1024K)]
  0x000002c0f96c63c0 JavaThread "Unconstrained build operations Thread 38"        [_thread_blocked, id=44336, stack(0x000000d4f7500000,0x000000d4f7600000) (1024K)]
  0x000002c0f96c7e00 JavaThread "Unconstrained build operations Thread 39"        [_thread_blocked, id=101256, stack(0x000000d4f7600000,0x000000d4f7700000) (1024K)]
  0x000002c0f95b6de0 JavaThread "Unconstrained build operations Thread 48"        [_thread_blocked, id=64752, stack(0x000000d4f7700000,0x000000d4f7800000) (1024K)]
  0x000002c0fb4debf0 JavaThread "Unconstrained build operations Thread 49"        [_thread_blocked, id=83612, stack(0x000000d4f7800000,0x000000d4f7900000) (1024K)]
  0x000002c0f936ad50 JavaThread "Unconstrained build operations Thread 50"        [_thread_blocked, id=100048, stack(0x000000d4f7900000,0x000000d4f7a00000) (1024K)]
  0x000002c0b90bdc60 JavaThread "Unconstrained build operations Thread 51"        [_thread_blocked, id=71068, stack(0x000000d4f7a00000,0x000000d4f7b00000) (1024K)]
  0x000002c0b90ba7e0 JavaThread "Unconstrained build operations Thread 52"        [_thread_blocked, id=36844, stack(0x000000d4f7b00000,0x000000d4f7c00000) (1024K)]
  0x000002c0fe79d230 JavaThread "Unconstrained build operations Thread 53"        [_thread_blocked, id=31300, stack(0x000000d4f7c00000,0x000000d4f7d00000) (1024K)]
  0x000002c0fe79f300 JavaThread "Unconstrained build operations Thread 54"        [_thread_blocked, id=81464, stack(0x000000d4f7d00000,0x000000d4f7e00000) (1024K)]
  0x000002c0f96c5010 JavaThread "Unconstrained build operations Thread 55"        [_thread_blocked, id=89788, stack(0x000000d4f7e00000,0x000000d4f7f00000) (1024K)]
  0x000002c0b90bb500 JavaThread "Unconstrained build operations Thread 56"        [_thread_blocked, id=62060, stack(0x000000d4f7f00000,0x000000d4f8000000) (1024K)]
  0x000002c0fb4dffa0 JavaThread "Unconstrained build operations Thread 57"        [_thread_blocked, id=24312, stack(0x000000d4f8000000,0x000000d4f8100000) (1024K)]
  0x000002c0f93699a0 JavaThread "Unconstrained build operations Thread 58"        [_thread_blocked, id=40552, stack(0x000000d4f8100000,0x000000d4f8200000) (1024K)]
  0x000002c0b9583420 JavaThread "Unconstrained build operations Thread 59"        [_thread_blocked, id=89748, stack(0x000000d4f8200000,0x000000d4f8300000) (1024K)]
  0x000002c0fd227820 JavaThread "Unconstrained build operations Thread 60"        [_thread_blocked, id=57276, stack(0x000000d4f8300000,0x000000d4f8400000) (1024K)]
  0x000002c0f7c855d0 JavaThread "Unconstrained build operations Thread 61"        [_thread_blocked, id=101220, stack(0x000000d4f8400000,0x000000d4f8500000) (1024K)]
  0x000002c0fe79d8c0 JavaThread "Unconstrained build operations Thread 62"        [_thread_blocked, id=88656, stack(0x000000d4f8500000,0x000000d4f8600000) (1024K)]
  0x000002c0f93685f0 JavaThread "Unconstrained build operations Thread 63"        [_thread_blocked, id=85556, stack(0x000000d4f8600000,0x000000d4f8700000) (1024K)]
  0x000002c0fe4d52d0 JavaThread "Unconstrained build operations Thread 64"        [_thread_blocked, id=88420, stack(0x000000d4f8700000,0x000000d4f8800000) (1024K)]
  0x000002c0fb4df910 JavaThread "Unconstrained build operations Thread 65"        [_thread_blocked, id=42692, stack(0x000000d4f8800000,0x000000d4f8900000) (1024K)]
  0x000002c0fb4e0630 JavaThread "Unconstrained build operations Thread 73"        [_thread_blocked, id=44964, stack(0x000000d4f8900000,0x000000d4f8a00000) (1024K)]
  0x000002c0fb4e0cc0 JavaThread "Unconstrained build operations Thread 74"        [_thread_blocked, id=83188, stack(0x000000d4f8a00000,0x000000d4f8b00000) (1024K)]
  0x000002c0fb4e1350 JavaThread "Unconstrained build operations Thread 75"        [_thread_blocked, id=100928, stack(0x000000d4f8b00000,0x000000d4f8c00000) (1024K)]
  0x000002c0f7bdb500 JavaThread "Unconstrained build operations Thread 67"        [_thread_blocked, id=18860, stack(0x000000d4f8c00000,0x000000d4f8d00000) (1024K)]
  0x000002c0b9583ab0 JavaThread "Unconstrained build operations Thread 68"        [_thread_blocked, id=89388, stack(0x000000d4f8d00000,0x000000d4f8e00000) (1024K)]
  0x000002c0f7bdbb90 JavaThread "Unconstrained build operations Thread 76"        [_thread_blocked, id=53324, stack(0x000000d4f8e00000,0x000000d4f8f00000) (1024K)]
  0x000002c0b9584e60 JavaThread "Unconstrained build operations Thread 77"        [_thread_blocked, id=40972, stack(0x000000d4f8f00000,0x000000d4f9000000) (1024K)]
  0x000002c0b9fb0900 JavaThread "Unconstrained build operations Thread 71"        [_thread_blocked, id=19320, stack(0x000000d4f9000000,0x000000d4f9100000) (1024K)]
  0x000002c0b9584140 JavaThread "Unconstrained build operations Thread 72"        [_thread_blocked, id=82552, stack(0x000000d4f9100000,0x000000d4f9200000) (1024K)]
  0x000002c0b9fb0f90 JavaThread "Unconstrained build operations Thread 66"        [_thread_blocked, id=16400, stack(0x000000d4f9200000,0x000000d4f9300000) (1024K)]
  0x000002c0b95854f0 JavaThread "Unconstrained build operations Thread 69"        [_thread_blocked, id=53368, stack(0x000000d4f9300000,0x000000d4f9400000) (1024K)]
  0x000002c0b9fb3060 JavaThread "Unconstrained build operations Thread 70"        [_thread_blocked, id=10600, stack(0x000000d4f9400000,0x000000d4f9500000) (1024K)]
  0x000002c0b9fafbe0 JavaThread "Unconstrained build operations Thread 84"        [_thread_blocked, id=100468, stack(0x000000d4f9500000,0x000000d4f9600000) (1024K)]
  0x000002c0fd227190 JavaThread "Unconstrained build operations Thread 78"        [_thread_blocked, id=50732, stack(0x000000d4f9600000,0x000000d4f9700000) (1024K)]
  0x000002c0fda8e940 JavaThread "Unconstrained build operations Thread 79"        [_thread_blocked, id=41644, stack(0x000000d4f9700000,0x000000d4f9800000) (1024K)]
  0x000002c0b9fb1620 JavaThread "Unconstrained build operations Thread 80"        [_thread_blocked, id=12220, stack(0x000000d4f9800000,0x000000d4f9900000) (1024K)]
  0x000002c0f7c848b0 JavaThread "Unconstrained build operations Thread 81"        [_thread_blocked, id=101804, stack(0x000000d4f9900000,0x000000d4f9a00000) (1024K)]
  0x000002c0f936b3e0 JavaThread "Unconstrained build operations Thread 82"        [_thread_blocked, id=51016, stack(0x000000d4f9a00000,0x000000d4f9b00000) (1024K)]
  0x000002c0f7c85c60 JavaThread "Unconstrained build operations Thread 89"        [_thread_blocked, id=73580, stack(0x000000d4f9b00000,0x000000d4f9c00000) (1024K)]
  0x000002c0f96c56a0 JavaThread "Unconstrained build operations Thread 85"        [_thread_blocked, id=52216, stack(0x000000d4f9c00000,0x000000d4f9d00000) (1024K)]
  0x000002c0fda8efd0 JavaThread "Unconstrained build operations Thread 86"        [_thread_blocked, id=82400, stack(0x000000d4f9d00000,0x000000d4f9e00000) (1024K)]
  0x000002c0fd24f630 JavaThread "Unconstrained build operations Thread 87"        [_thread_blocked, id=81672, stack(0x000000d4f9e00000,0x000000d4f9f00000) (1024K)]
  0x000002c0fda8fcf0 JavaThread "Unconstrained build operations Thread 93"        [_thread_blocked, id=49672, stack(0x000000d4f9f00000,0x000000d4fa000000) (1024K)]
  0x000002c0f6b9dfd0 JavaThread "Unconstrained build operations Thread 83"        [_thread_blocked, id=56832, stack(0x000000d4fa000000,0x000000d4fa100000) (1024K)]
  0x000002c0fd227eb0 JavaThread "Unconstrained build operations Thread 90"        [_thread_blocked, id=67948, stack(0x000000d4fa100000,0x000000d4fa200000) (1024K)]
  0x000002c0fe4d5960 JavaThread "Unconstrained build operations Thread 91"        [_thread_blocked, id=100664, stack(0x000000d4fa200000,0x000000d4fa300000) (1024K)]
  0x000002c0f9369310 JavaThread "Unconstrained build operations Thread 92"        [_thread_blocked, id=41904, stack(0x000000d4fa300000,0x000000d4fa400000) (1024K)]
  0x000002c0fd228bd0 JavaThread "Unconstrained build operations Thread 94"        [_thread_blocked, id=100676, stack(0x000000d4fa400000,0x000000d4fa500000) (1024K)]
  0x000002c0fe4d9470 JavaThread "Unconstrained build operations Thread 88"        [_thread_blocked, id=20796, stack(0x000000d4fa500000,0x000000d4fa600000) (1024K)]
  0x000002c0b95847d0 JavaThread "Unconstrained build operations Thread 95"        [_thread_blocked, id=103284, stack(0x000000d4fa600000,0x000000d4fa700000) (1024K)]
  0x000002c0f6b9cc20 JavaThread "Unconstrained build operations Thread 96"        [_thread_blocked, id=5616, stack(0x000000d4fa700000,0x000000d4fa800000) (1024K)]
  0x000002c0fe79e5e0 JavaThread "Unconstrained build operations Thread 97"        [_thread_blocked, id=81428, stack(0x000000d4fa800000,0x000000d4fa900000) (1024K)]
  0x000002c0fb70e220 JavaThread "Unconstrained build operations Thread 98"        [_thread_blocked, id=96112, stack(0x000000d4fa900000,0x000000d4faa00000) (1024K)]
  0x000002c0fe770ce0 JavaThread "Unconstrained build operations Thread 104"        [_thread_blocked, id=35588, stack(0x000000d4faa00000,0x000000d4fab00000) (1024K)]
  0x000002c0fd251070 JavaThread "Unconstrained build operations Thread 100"        [_thread_blocked, id=99996, stack(0x000000d4fab00000,0x000000d4fac00000) (1024K)]
  0x000002c0f6b9d2b0 JavaThread "Unconstrained build operations Thread 101"        [_thread_blocked, id=102644, stack(0x000000d4fac00000,0x000000d4fad00000) (1024K)]
  0x000002c0b90bc220 JavaThread "Unconstrained build operations Thread 102"        [_thread_blocked, id=97616, stack(0x000000d4fad00000,0x000000d4fae00000) (1024K)]
  0x000002c0b9fb0270 JavaThread "Unconstrained build operations Thread 103"        [_thread_blocked, id=98488, stack(0x000000d4fae00000,0x000000d4faf00000) (1024K)]
  0x000002c0fd226b00 JavaThread "Unconstrained build operations Thread 99"        [_thread_blocked, id=39872, stack(0x000000d4faf00000,0x000000d4fb000000) (1024K)]
  0x000002c0fc5e23d0 JavaThread "Unconstrained build operations Thread 105"        [_thread_blocked, id=101596, stack(0x000000d4fb000000,0x000000d4fb100000) (1024K)]
  0x000002c0fda90380 JavaThread "Unconstrained build operations Thread 106"        [_thread_blocked, id=95812, stack(0x000000d4fb100000,0x000000d4fb200000) (1024K)]
  0x000002c0fe76f930 JavaThread "Unconstrained build operations Thread 107"        [_thread_blocked, id=65996, stack(0x000000d4fb200000,0x000000d4fb300000) (1024K)]
  0x000002c0fd24e910 JavaThread "Unconstrained build operations Thread 108"        [_thread_blocked, id=41788, stack(0x000000d4fb300000,0x000000d4fb400000) (1024K)]
  0x000002c0fd2298f0 JavaThread "Unconstrained build operations Thread 109"        [_thread_blocked, id=67120, stack(0x000000d4fb400000,0x000000d4fb500000) (1024K)]
  0x000002c0fd228540 JavaThread "Unconstrained build operations Thread 110"        [_thread_blocked, id=40316, stack(0x000000d4fb500000,0x000000d4fb600000) (1024K)]
  0x000002c0fd24fcc0 JavaThread "Unconstrained build operations Thread 111"        [_thread_blocked, id=34604, stack(0x000000d4fb600000,0x000000d4fb700000) (1024K)]
  0x000002c0f1c51080 JavaThread "Unconstrained build operations Thread 112"        [_thread_blocked, id=46312, stack(0x000000d4fb700000,0x000000d4fb800000) (1024K)]
  0x000002c0fd250350 JavaThread "Unconstrained build operations Thread 113"        [_thread_blocked, id=84836, stack(0x000000d4fb800000,0x000000d4fb900000) (1024K)]
  0x000002c0b9fb1cb0 JavaThread "Unconstrained build operations Thread 114"        [_thread_blocked, id=19288, stack(0x000000d4f4c00000,0x000000d4f4d00000) (1024K)]
  0x000002c0b9fb2340 JavaThread "Unconstrained build operations Thread 115"        [_thread_blocked, id=104140, stack(0x000000d4fb900000,0x000000d4fba00000) (1024K)]
  0x000002c0b9fb29d0 JavaThread "Unconstrained build operations Thread 116"        [_thread_blocked, id=49752, stack(0x000000d4fba00000,0x000000d4fbb00000) (1024K)]
  0x000002c0fd657fe0 JavaThread "Unconstrained build operations Thread 117"        [_thread_blocked, id=3776, stack(0x000000d4fbb00000,0x000000d4fbc00000) (1024K)]
  0x000002c0fd656c30 JavaThread "Unconstrained build operations Thread 118"        [_thread_blocked, id=77556, stack(0x000000d4fbc00000,0x000000d4fbd00000) (1024K)]
  0x000002c0fd657950 JavaThread "Unconstrained build operations Thread 119"        [_thread_blocked, id=99468, stack(0x000000d4fbd00000,0x000000d4fbe00000) (1024K)]
  0x000002c0fd6572c0 JavaThread "Unconstrained build operations Thread 120"        [_thread_blocked, id=44456, stack(0x000000d4fbe00000,0x000000d4fbf00000) (1024K)]
  0x000002c0f1c52ac0 JavaThread "WorkerExecutor Queue"              [_thread_in_native, id=91980, stack(0x000000d4fc000000,0x000000d4fc100000) (1024K)]
  0x000002c0fe772720 JavaThread "RMI Scheduler(0)"           daemon [_thread_blocked, id=102456, stack(0x000000d4fc100000,0x000000d4fc200000) (1024K)]
  0x000002c0fe4d8750 JavaThread "RMI GC Daemon"              daemon [_thread_blocked, id=63128, stack(0x000000d4fc300000,0x000000d4fc400000) (1024K)]
  0x000002c0fe4d8de0 JavaThread "RMI TCP Accept-0"           daemon [_thread_in_native, id=60964, stack(0x000000d4fc500000,0x000000d4fc600000) (1024K)]
  0x000002c0fe4d5ff0 JavaThread "RMI Reaper"                        [_thread_blocked, id=14364, stack(0x000000d4fc900000,0x000000d4fca00000) (1024K)]
  0x000002c0fd229f80 JavaThread "RMI TCP Connection(3)-127.0.0.1" daemon [_thread_in_native, id=48464, stack(0x000000d4fca00000,0x000000d4fcb00000) (1024K)]
  0x000002c0f1c4f640 JavaThread "WorkerExecutor Queue Thread 2"        [_thread_blocked, id=90312, stack(0x000000d4fbf00000,0x000000d4fc000000) (1024K)]
  0x000002c0fe4d9b00 JavaThread "RMI TCP Connection(2)-127.0.0.1" daemon [_thread_in_native, id=61448, stack(0x000000d4fcc00000,0x000000d4fcd00000) (1024K)]
  0x000002c0fe771370 JavaThread "Cache worker for Java compile cache (C:\Users\jayes\.gradle\caches\8.6\javaCompile)"        [_thread_blocked, id=62660, stack(0x000000d4fcd00000,0x000000d4fce00000) (1024K)]
  0x000002c0fe772090 JavaThread "Build operations"                  [_thread_blocked, id=77032, stack(0x000000d4fce00000,0x000000d4fcf00000) (1024K)]
  0x000002c0fe772db0 JavaThread "Build operations Thread 2"         [_thread_blocked, id=13132, stack(0x000000d4fcf00000,0x000000d4fd000000) (1024K)]
  0x000002c0fe771a00 JavaThread "Build operations Thread 3"         [_thread_blocked, id=87028, stack(0x000000d4fd000000,0x000000d4fd100000) (1024K)]
  0x000002c0b9eea3b0 JavaThread "Build operations Thread 4"         [_thread_blocked, id=68956, stack(0x000000d4fd100000,0x000000d4fd200000) (1024K)]
  0x000002c0b9ee9d20 JavaThread "Build operations Thread 5"         [_thread_blocked, id=40256, stack(0x000000d4fd200000,0x000000d4fd300000) (1024K)]
  0x000002c0b9ee9690 JavaThread "Build operations Thread 6"         [_thread_blocked, id=90568, stack(0x000000d4fd300000,0x000000d4fd400000) (1024K)]
  0x000002c0b9ee6f30 JavaThread "Build operations Thread 7"         [_thread_blocked, id=48476, stack(0x000000d4fd400000,0x000000d4fd500000) (1024K)]
  0x000002c0b9ee82e0 JavaThread "Build operations Thread 8"         [_thread_blocked, id=83800, stack(0x000000d4fd500000,0x000000d4fd600000) (1024K)]
  0x000002c0b9ee75c0 JavaThread "Build operations Thread 9"         [_thread_blocked, id=23892, stack(0x000000d4fd600000,0x000000d4fd700000) (1024K)]
  0x000002c0b9ee7c50 JavaThread "Build operations Thread 10"        [_thread_blocked, id=25380, stack(0x000000d4fd700000,0x000000d4fd800000) (1024K)]
  0x000002c0b9ee9000 JavaThread "Build operations Thread 11"        [_thread_blocked, id=45524, stack(0x000000d4fd800000,0x000000d4fd900000) (1024K)]
  0x000002c0fc5e2a60 JavaThread "WorkerExecutor Queue Thread 3"        [_thread_in_native, id=90172, stack(0x000000d4fcb00000,0x000000d4fcc00000) (1024K)]
  0x000002c0fb70db90 JavaThread "WorkerExecutor Queue Thread 4"        [_thread_in_native, id=74836, stack(0x000000d4fc200000,0x000000d4fc300000) (1024K)]
  0x000002c0bfad1bc0 JavaThread "C2 CompilerThread1"         daemon [_thread_in_native, id=92852, stack(0x000000d4fc800000,0x000000d4fc900000) (1024K)]
  0x000002c0f1c52430 JavaThread "WorkerExecutor Queue Thread 5"        [_thread_blocked, id=102776, stack(0x000000d4fda00000,0x000000d4fdb00000) (1024K)]
  0x000002c0f936a030 JavaThread "WorkerExecutor Queue Thread 6"        [_thread_blocked, id=57868, stack(0x000000d4fdb00000,0x000000d4fdc00000) (1024K)]
  0x000002c0fd7d5a70 JavaThread "RMI RenewClean-[127.0.0.1:17815,org.jetbrains.kotlin.daemon.common.LoopbackNetworkInterface$ClientLoopbackSocketFactory@2dadc10b]" daemon [_thread_blocked, id=83252, stack(0x000000d4fdc00000,0x000000d4fdd00000) (1024K)]
  0x000002c0fb70e8b0 JavaThread "RMI RenewClean-[127.0.0.1:17815,org.jetbrains.kotlin.daemon.common.LoopbackNetworkInterface$ClientLoopbackSocketFactory@6df6c20e]" daemon [_thread_blocked, id=92432, stack(0x000000d4fdd00000,0x000000d4fde00000) (1024K)]
  0x000002c0fd658d00 JavaThread "RMI TCP Connection(4)-127.0.0.1" daemon [_thread_in_native, id=102044, stack(0x000000d4fde00000,0x000000d4fdf00000) (1024K)]
  0x000002c0fd658670 JavaThread "RMI TCP Connection(5)-127.0.0.1" daemon [_thread_in_native, id=71160, stack(0x000000d4fdf00000,0x000000d4fe000000) (1024K)]
  0x000002c0f9367f60 JavaThread "WorkerExecutor Queue Thread 7"        [_thread_blocked, id=89168, stack(0x000000d4fe000000,0x000000d4fe100000) (1024K)]
  0x000002c0fd229260 JavaThread "RMI RenewClean-[127.0.0.1:17815,org.jetbrains.kotlin.daemon.common.LoopbackNetworkInterface$ClientLoopbackSocketFactory@303fb9e9]" daemon [_thread_blocked, id=90448, stack(0x000000d4fe100000,0x000000d4fe200000) (1024K)]
  0x000002c0fd65a0b0 JavaThread "RMI TCP Connection(6)-127.0.0.1" daemon [_thread_in_native, id=98884, stack(0x000000d4fe200000,0x000000d4fe300000) (1024K)]
Total: 221

Other Threads:
  0x000002c0ef924c30 VMThread "VM Thread"                           [id=42884, stack(0x000000d4eff00000,0x000000d4f0000000) (1024K)]
  0x000002c0ef81ca00 WatcherThread "VM Periodic Task Thread"        [id=32616, stack(0x000000d4efe00000,0x000000d4eff00000) (1024K)]
  0x000002c0cf2d1930 WorkerThread "GC Thread#0"                     [id=47184, stack(0x000000d4efd00000,0x000000d4efe00000) (1024K)]
  0x000002c0f6856080 WorkerThread "GC Thread#1"                     [id=72632, stack(0x000000d4f0b00000,0x000000d4f0c00000) (1024K)]
  0x000002c0f6856420 WorkerThread "GC Thread#2"                     [id=58096, stack(0x000000d4f0c00000,0x000000d4f0d00000) (1024K)]
  0x000002c0f68567c0 WorkerThread "GC Thread#3"                     [id=87824, stack(0x000000d4f0d00000,0x000000d4f0e00000) (1024K)]
  0x000002c0f6a51d40 WorkerThread "GC Thread#4"                     [id=80156, stack(0x000000d4f0e00000,0x000000d4f0f00000) (1024K)]
  0x000002c0f6a52480 WorkerThread "GC Thread#5"                     [id=86572, stack(0x000000d4f0a00000,0x000000d4f0b00000) (1024K)]
  0x000002c0f6a52820 WorkerThread "GC Thread#6"                     [id=87376, stack(0x000000d4f1c00000,0x000000d4f1d00000) (1024K)]
  0x000002c0f6a50ec0 WorkerThread "GC Thread#7"                     [id=21836, stack(0x000000d4f1d00000,0x000000d4f1e00000) (1024K)]
  0x000002c0f6a51260 WorkerThread "GC Thread#8"                     [id=48868, stack(0x000000d4f1e00000,0x000000d4f1f00000) (1024K)]
  0x000002c0f7d457d0 WorkerThread "GC Thread#9"                     [id=71216, stack(0x000000d4f1f00000,0x000000d4f2000000) (1024K)]
Total: 12

Threads with active compile tasks:
C2 CompilerThread0   800705 35151   !   4       java.nio.file.Files::walkFileTree (297 bytes)
C2 CompilerThread1   800705 35195       4       java.io.ObjectInputStream$BlockDataInputStream::readUTF (10 bytes)
Total: 2

VM state: not at safepoint (normal execution)

VM Mutex/Monitor currently owned by a thread: None

Heap address: 0x0000000700000000, size: 4096 MB, Compressed Oops mode: Zero based, Oop shift amount: 3

CDS archive(s) mapped at: [0x000002c080000000-0x000002c080c90000-0x000002c080c90000), size 13172736, SharedBaseAddress: 0x000002c080000000, ArchiveRelocationMode: 1.
Compressed class space mapped at: 0x000002c081000000-0x000002c0b5000000, reserved size: 872415232
Narrow klass base: 0x000002c080000000, Narrow klass shift: 0, Narrow klass range: 0x100000000

GC Precious Log:
 CardTable entry size: 512
 CPUs: 12 total, 12 available
 Memory: 16052M
 Large Page Support: Disabled
 NUMA Support: Disabled
 Compressed Oops: Enabled (Zero based)
 Alignments: Space 512K, Generation 512K, Heap 2M
 Heap Min Capacity: 8M
 Heap Initial Capacity: 252M
 Heap Max Capacity: 4G
 Pre-touch: Disabled
 Parallel Workers: 10

Heap:
 PSYoungGen      total 688128K, used 146569K [0x00000007aab00000, 0x00000007eaa80000, 0x0000000800000000)
  eden space 541184K, 27% used [0x00000007aab00000,0x00000007b3a225a8,0x00000007cbb80000)
  from space 146944K, 0% used [0x00000007d8900000,0x00000007d8900000,0x00000007e1880000)
  to   space 210432K, 0% used [0x00000007cbb80000,0x00000007cbb80000,0x00000007d8900000)
 ParOldGen       total 620544K, used 259038K [0x0000000700000000, 0x0000000725e00000, 0x00000007aab00000)
  object space 620544K, 41% used [0x0000000700000000,0x000000070fcf7910,0x0000000725e00000)
 Metaspace       used 192278K, committed 195776K, reserved 1048576K
  class space    used 25729K, committed 27392K, reserved 851968K

Card table byte_map: [0x000002c0e6730000,0x000002c0e6f40000] _byte_map_base: 0x000002c0e2f30000

Marking Bits: (ParMarkBitMap*) 0x00007ffe6161cdf0
 Begin Bits: [0x000002c0e6f40000, 0x000002c0eaf40000)
 End Bits:   [0x000002c0eaf40000, 0x000002c0eef40000)

Polling page: 0x000002c0cd1b0000

Metaspace:

Usage:
  Non-class:    162.65 MB used.
      Class:     25.13 MB used.
       Both:    187.77 MB used.

Virtual space:
  Non-class space:      192.00 MB reserved,     164.44 MB ( 86%) committed,  3 nodes.
      Class space:      832.00 MB reserved,      26.75 MB (  3%) committed,  1 nodes.
             Both:        1.00 GB reserved,     191.19 MB ( 19%) committed. 

Chunk freelists:
   Non-Class:  10.94 MB
       Class:  5.25 MB
        Both:  16.19 MB

MaxMetaspaceSize: 1.00 GB
CompressedClassSpaceSize: 832.00 MB
Initial GC threshold: 21.00 MB
Current GC threshold: 307.81 MB
CDS: on
 - commit_granule_bytes: 65536.
 - commit_granule_words: 8192.
 - virtual_space_node_default_size: 8388608.
 - enlarge_chunks_in_place: 1.
 - use_allocation_guard: 0.


Internal statistics:

num_allocs_failed_limit: 12.
num_arena_births: 6160.
num_arena_deaths: 408.
num_vsnodes_births: 4.
num_vsnodes_deaths: 0.
num_space_committed: 3056.
num_space_uncommitted: 0.
num_chunks_returned_to_freelist: 651.
num_chunks_taken_from_freelist: 15477.
num_chunk_merges: 295.
num_chunk_splits: 10063.
num_chunks_enlarged: 6468.
num_inconsistent_stats: 0.

CodeHeap 'non-profiled nmethods': size=120000Kb used=24927Kb max_used=24927Kb free=95072Kb
 bounds [0x000002c0df200000, 0x000002c0e0a60000, 0x000002c0e6730000]
CodeHeap 'profiled nmethods': size=120000Kb used=51185Kb max_used=51972Kb free=68814Kb
 bounds [0x000002c0d7730000, 0x000002c0daa00000, 0x000002c0dec60000]
CodeHeap 'non-nmethods': size=5760Kb used=2588Kb max_used=2637Kb free=3171Kb
 bounds [0x000002c0dec60000, 0x000002c0def00000, 0x000002c0df200000]
 total_blobs=27591 nmethods=26499 adapters=996
 compilation: enabled
              stopped_count=0, restarted_count=0
 full_count=0

Compilation events (20 events):
Event: 799.949 Thread 0x000002c0f1a64ca0 nmethod 35182 0x000002c0e0a46f90 code [0x000002c0e0a47120, 0x000002c0e0a471f0]
Event: 799.952 Thread 0x000002c0f1a64ca0 35183       3       sun.rmi.server.MarshalOutputStream::replaceObject (33 bytes)
Event: 799.952 Thread 0x000002c0f1a64ca0 nmethod 35183 0x000002c0d95c9c90 code [0x000002c0d95c9e60, 0x000002c0d95ca3a8]
Event: 799.959 Thread 0x000002c0f1a64ca0 35184       3       jdk.internal.util.ByteArray::setBoolean (14 bytes)
Event: 799.959 Thread 0x000002c0f1a64ca0 nmethod 35184 0x000002c0d95c9610 code [0x000002c0d95c97a0, 0x000002c0d95c9910]
Event: 799.963 Thread 0x000002c0f1a64ca0 35186       3       java.util.IdentityHashMap$KeySet::iterator (12 bytes)
Event: 799.963 Thread 0x000002c0f1a64ca0 nmethod 35186 0x000002c0d95d9c10 code [0x000002c0d95d9dc0, 0x000002c0d95d9fd0]
Event: 799.966 Thread 0x000002c0f1a64ca0 35187       3       org.gradle.api.internal.file.AbstractFileTree$1::visitFile (17 bytes)
Event: 799.967 Thread 0x000002c0f1a64ca0 nmethod 35187 0x000002c0d95d9690 code [0x000002c0d95d9840, 0x000002c0d95d9af8]
Event: 799.983 Thread 0x000002c0f1a64ca0 35188       3       org.gradle.util.internal.CollectionUtils::filter (49 bytes)
Event: 799.983 Thread 0x000002c0f1a64ca0 nmethod 35188 0x000002c0d966ae10 code [0x000002c0d966b020, 0x000002c0d966b5f8]
Event: 800.080 Thread 0x000002c0f1a64ca0 35189       3       kotlin.text.StringsKt__StringsKt::substringBefore$default (15 bytes)
Event: 800.080 Thread 0x000002c0f1a64ca0 nmethod 35189 0x000002c0d95d9290 code [0x000002c0d95d9440, 0x000002c0d95d9590]
Event: 800.080 Thread 0x000002c0f1a64ca0 35190       1       org.jetbrains.kotlin.statistics.metrics.StringMetrics::getPerProject (5 bytes)
Event: 800.080 Thread 0x000002c0f1a64ca0 nmethod 35190 0x000002c0e0a47290 code [0x000002c0e0a47420, 0x000002c0e0a474f0]
Event: 800.080 Thread 0x000002c0f1a64ca0 35191       1       org.jetbrains.kotlin.statistics.metrics.StringMetrics::getAnonymization (5 bytes)
Event: 800.080 Thread 0x000002c0f1a64ca0 nmethod 35191 0x000002c0e0a47590 code [0x000002c0e0a47720, 0x000002c0e0a477f0]
Event: 800.081 Thread 0x000002c0f1a64ca0 35192       1       org.gradle.api.internal.provider.Providers$NoValueProvider::isImmutable (2 bytes)
Event: 800.081 Thread 0x000002c0f1a64ca0 nmethod 35192 0x000002c0e0a47890 code [0x000002c0e0a47a20, 0x000002c0e0a47ae8]
Event: 800.504 Thread 0x000002c0f1a64ca0 35193   !   3       java.io.ObjectInputStream::readNonProxyDesc (316 bytes)

GC Heap History (20 events):
Event: 312.010 GC heap before
{Heap before GC invocations=26 (full 6):
 PSYoungGen      total 480768K, used 351744K [0x00000007aab00000, 0x00000007d4380000, 0x0000000800000000)
  eden space 351744K, 100% used [0x00000007aab00000,0x00000007c0280000,0x00000007c0280000)
  from space 129024K, 0% used [0x00000007c0280000,0x00000007c0280000,0x00000007c8080000)
  to   space 129024K, 0% used [0x00000007cc580000,0x00000007cc580000,0x00000007d4380000)
 ParOldGen       total 590336K, used 349870K [0x0000000700000000, 0x0000000724080000, 0x00000007aab00000)
  object space 590336K, 59% used [0x0000000700000000,0x00000007155ab9e0,0x0000000724080000)
 Metaspace       used 122307K, committed 125056K, reserved 983040K
  class space    used 16369K, committed 17728K, reserved 851968K
}
Event: 312.164 GC heap after
{Heap after GC invocations=26 (full 6):
 PSYoungGen      total 515584K, used 44976K [0x00000007aab00000, 0x00000007d2a00000, 0x0000000800000000)
  eden space 412672K, 0% used [0x00000007aab00000,0x00000007aab00000,0x00000007c3e00000)
  from space 102912K, 43% used [0x00000007cc580000,0x00000007cf16c030,0x00000007d2a00000)
  to   space 120832K, 0% used [0x00000007c3e00000,0x00000007c3e00000,0x00000007cb400000)
 ParOldGen       total 590336K, used 349878K [0x0000000700000000, 0x0000000724080000, 0x00000007aab00000)
  object space 590336K, 59% used [0x0000000700000000,0x00000007155ad9e0,0x0000000724080000)
 Metaspace       used 122307K, committed 125056K, reserved 983040K
  class space    used 16369K, committed 17728K, reserved 851968K
}
Event: 316.164 GC heap before
{Heap before GC invocations=27 (full 6):
 PSYoungGen      total 515584K, used 450133K [0x00000007aab00000, 0x00000007d2a00000, 0x0000000800000000)
  eden space 412672K, 98% used [0x00000007aab00000,0x00000007c36a95f0,0x00000007c3e00000)
  from space 102912K, 43% used [0x00000007cc580000,0x00000007cf16c030,0x00000007d2a00000)
  to   space 120832K, 0% used [0x00000007c3e00000,0x00000007c3e00000,0x00000007cb400000)
 ParOldGen       total 590336K, used 358422K [0x0000000700000000, 0x0000000724080000, 0x00000007aab00000)
  object space 590336K, 60% used [0x0000000700000000,0x0000000715e05af8,0x0000000724080000)
 Metaspace       used 122474K, committed 125184K, reserved 983040K
  class space    used 16376K, committed 17728K, reserved 851968K
}
Event: 316.378 GC heap after
{Heap after GC invocations=27 (full 6):
 PSYoungGen      total 533504K, used 120803K [0x00000007aab00000, 0x00000007db300000, 0x0000000800000000)
  eden space 412672K, 0% used [0x00000007aab00000,0x00000007aab00000,0x00000007c3e00000)
  from space 120832K, 99% used [0x00000007c3e00000,0x00000007cb3f8e78,0x00000007cb400000)
  to   space 190976K, 0% used [0x00000007cf880000,0x00000007cf880000,0x00000007db300000)
 ParOldGen       total 590336K, used 493033K [0x0000000700000000, 0x0000000724080000, 0x00000007aab00000)
  object space 590336K, 83% used [0x0000000700000000,0x000000071e17a558,0x0000000724080000)
 Metaspace       used 122474K, committed 125184K, reserved 983040K
  class space    used 16376K, committed 17728K, reserved 851968K
}
Event: 316.378 GC heap before
{Heap before GC invocations=28 (full 7):
 PSYoungGen      total 533504K, used 120803K [0x00000007aab00000, 0x00000007db300000, 0x0000000800000000)
  eden space 412672K, 0% used [0x00000007aab00000,0x00000007aab00000,0x00000007c3e00000)
  from space 120832K, 99% used [0x00000007c3e00000,0x00000007cb3f8e78,0x00000007cb400000)
  to   space 190976K, 0% used [0x00000007cf880000,0x00000007cf880000,0x00000007db300000)
 ParOldGen       total 590336K, used 493033K [0x0000000700000000, 0x0000000724080000, 0x00000007aab00000)
  object space 590336K, 83% used [0x0000000700000000,0x000000071e17a558,0x0000000724080000)
 Metaspace       used 122474K, committed 125184K, reserved 983040K
  class space    used 16376K, committed 17728K, reserved 851968K
}
Event: 317.475 GC heap after
{Heap after GC invocations=28 (full 7):
 PSYoungGen      total 603648K, used 0K [0x00000007aab00000, 0x00000007e1700000, 0x0000000800000000)
  eden space 412672K, 0% used [0x00000007aab00000,0x00000007aab00000,0x00000007c3e00000)
  from space 190976K, 0% used [0x00000007cf880000,0x00000007cf880000,0x00000007db300000)
  to   space 190976K, 0% used [0x00000007c3e00000,0x00000007c3e00000,0x00000007cf880000)
 ParOldGen       total 620544K, used 307108K [0x0000000700000000, 0x0000000725e00000, 0x00000007aab00000)
  object space 620544K, 49% used [0x0000000700000000,0x0000000712be93b0,0x0000000725e00000)
 Metaspace       used 122474K, committed 125184K, reserved 983040K
  class space    used 16376K, committed 17728K, reserved 851968K
}
Event: 468.925 GC heap before
{Heap before GC invocations=29 (full 7):
 PSYoungGen      total 603648K, used 412672K [0x00000007aab00000, 0x00000007e1700000, 0x0000000800000000)
  eden space 412672K, 100% used [0x00000007aab00000,0x00000007c3e00000,0x00000007c3e00000)
  from space 190976K, 0% used [0x00000007cf880000,0x00000007cf880000,0x00000007db300000)
  to   space 190976K, 0% used [0x00000007c3e00000,0x00000007c3e00000,0x00000007cf880000)
 ParOldGen       total 620544K, used 307114K [0x0000000700000000, 0x0000000725e00000, 0x00000007aab00000)
  object space 620544K, 49% used [0x0000000700000000,0x0000000712bea830,0x0000000725e00000)
 Metaspace       used 129896K, committed 132672K, reserved 983040K
  class space    used 17397K, committed 18752K, reserved 851968K
}
Event: 469.194 GC heap after
{Heap after GC invocations=29 (full 7):
 PSYoungGen      total 603648K, used 68284K [0x00000007aab00000, 0x00000007df480000, 0x0000000800000000)
  eden space 412672K, 0% used [0x00000007aab00000,0x00000007aab00000,0x00000007c3e00000)
  from space 190976K, 35% used [0x00000007c3e00000,0x00000007c80af0b8,0x00000007cf880000)
  to   space 178688K, 0% used [0x00000007d4600000,0x00000007d4600000,0x00000007df480000)
 ParOldGen       total 620544K, used 307122K [0x0000000700000000, 0x0000000725e00000, 0x00000007aab00000)
  object space 620544K, 49% used [0x0000000700000000,0x0000000712bec830,0x0000000725e00000)
 Metaspace       used 129896K, committed 132672K, reserved 983040K
  class space    used 17397K, committed 18752K, reserved 851968K
}
Event: 476.949 GC heap before
{Heap before GC invocations=30 (full 7):
 PSYoungGen      total 603648K, used 480956K [0x00000007aab00000, 0x00000007df480000, 0x0000000800000000)
  eden space 412672K, 100% used [0x00000007aab00000,0x00000007c3e00000,0x00000007c3e00000)
  from space 190976K, 35% used [0x00000007c3e00000,0x00000007c80af0b8,0x00000007cf880000)
  to   space 178688K, 0% used [0x00000007d4600000,0x00000007d4600000,0x00000007df480000)
 ParOldGen       total 620544K, used 307122K [0x0000000700000000, 0x0000000725e00000, 0x00000007aab00000)
  object space 620544K, 49% used [0x0000000700000000,0x0000000712bec830,0x0000000725e00000)
 Metaspace       used 132451K, committed 135424K, reserved 983040K
  class space    used 17794K, committed 19200K, reserved 851968K
}
Event: 476.976 GC heap after
{Heap after GC invocations=30 (full 7):
 PSYoungGen      total 666624K, used 99427K [0x00000007aab00000, 0x00000007ded80000, 0x0000000800000000)
  eden space 495104K, 0% used [0x00000007aab00000,0x00000007aab00000,0x00000007c8e80000)
  from space 171520K, 57% used [0x00000007d4600000,0x00000007da718fa0,0x00000007ded80000)
  to   space 179712K, 0% used [0x00000007c8e80000,0x00000007c8e80000,0x00000007d3e00000)
 ParOldGen       total 620544K, used 307130K [0x0000000700000000, 0x0000000725e00000, 0x00000007aab00000)
  object space 620544K, 49% used [0x0000000700000000,0x0000000712bee830,0x0000000725e00000)
 Metaspace       used 132451K, committed 135424K, reserved 983040K
  class space    used 17794K, committed 19200K, reserved 851968K
}
Event: 761.295 GC heap before
{Heap before GC invocations=31 (full 7):
 PSYoungGen      total 666624K, used 594531K [0x00000007aab00000, 0x00000007ded80000, 0x0000000800000000)
  eden space 495104K, 100% used [0x00000007aab00000,0x00000007c8e80000,0x00000007c8e80000)
  from space 171520K, 57% used [0x00000007d4600000,0x00000007da718fa0,0x00000007ded80000)
  to   space 179712K, 0% used [0x00000007c8e80000,0x00000007c8e80000,0x00000007d3e00000)
 ParOldGen       total 620544K, used 307130K [0x0000000700000000, 0x0000000725e00000, 0x00000007aab00000)
  object space 620544K, 49% used [0x0000000700000000,0x0000000712bee830,0x0000000725e00000)
 Metaspace       used 144967K, committed 148096K, reserved 983040K
  class space    used 19344K, committed 20800K, reserved 851968K
}
Event: 763.314 GC heap after
{Heap after GC invocations=31 (full 7):
 PSYoungGen      total 674816K, used 61520K [0x00000007aab00000, 0x00000007e2f80000, 0x0000000800000000)
  eden space 495104K, 0% used [0x00000007aab00000,0x00000007aab00000,0x00000007c8e80000)
  from space 179712K, 34% used [0x00000007c8e80000,0x00000007cca941d8,0x00000007d3e00000)
  to   space 170496K, 0% used [0x00000007d8900000,0x00000007d8900000,0x00000007e2f80000)
 ParOldGen       total 620544K, used 372236K [0x0000000700000000, 0x0000000725e00000, 0x00000007aab00000)
  object space 620544K, 59% used [0x0000000700000000,0x0000000716b830f8,0x0000000725e00000)
 Metaspace       used 144967K, committed 148096K, reserved 983040K
  class space    used 19344K, committed 20800K, reserved 851968K
}
Event: 775.770 GC heap before
{Heap before GC invocations=32 (full 7):
 PSYoungGen      total 674816K, used 556624K [0x00000007aab00000, 0x00000007e2f80000, 0x0000000800000000)
  eden space 495104K, 100% used [0x00000007aab00000,0x00000007c8e80000,0x00000007c8e80000)
  from space 179712K, 34% used [0x00000007c8e80000,0x00000007cca941d8,0x00000007d3e00000)
  to   space 170496K, 0% used [0x00000007d8900000,0x00000007d8900000,0x00000007e2f80000)
 ParOldGen       total 620544K, used 372236K [0x0000000700000000, 0x0000000725e00000, 0x00000007aab00000)
  object space 620544K, 59% used [0x0000000700000000,0x0000000716b830f8,0x0000000725e00000)
 Metaspace       used 166431K, committed 169792K, reserved 1048576K
  class space    used 22494K, committed 24064K, reserved 851968K
}
Event: 775.807 GC heap after
{Heap after GC invocations=32 (full 7):
 PSYoungGen      total 699392K, used 103991K [0x00000007aab00000, 0x00000007e1880000, 0x0000000800000000)
  eden space 552448K, 0% used [0x00000007aab00000,0x00000007aab00000,0x00000007cc680000)
  from space 146944K, 70% used [0x00000007d8900000,0x00000007dee8dc50,0x00000007e1880000)
  to   space 173056K, 0% used [0x00000007cc680000,0x00000007cc680000,0x00000007d6f80000)
 ParOldGen       total 620544K, used 372244K [0x0000000700000000, 0x0000000725e00000, 0x00000007aab00000)
  object space 620544K, 59% used [0x0000000700000000,0x0000000716b850f8,0x0000000725e00000)
 Metaspace       used 166431K, committed 169792K, reserved 1048576K
  class space    used 22494K, committed 24064K, reserved 851968K
}
Event: 780.919 GC heap before
{Heap before GC invocations=33 (full 7):
 PSYoungGen      total 699392K, used 656439K [0x00000007aab00000, 0x00000007e1880000, 0x0000000800000000)
  eden space 552448K, 100% used [0x00000007aab00000,0x00000007cc680000,0x00000007cc680000)
  from space 146944K, 70% used [0x00000007d8900000,0x00000007dee8dc50,0x00000007e1880000)
  to   space 173056K, 0% used [0x00000007cc680000,0x00000007cc680000,0x00000007d6f80000)
 ParOldGen       total 620544K, used 372244K [0x0000000700000000, 0x0000000725e00000, 0x00000007aab00000)
  object space 620544K, 59% used [0x0000000700000000,0x0000000716b850f8,0x0000000725e00000)
 Metaspace       used 175672K, committed 179072K, reserved 1048576K
  class space    used 23605K, committed 25152K, reserved 851968K
}
Event: 782.155 GC heap after
{Heap after GC invocations=33 (full 7):
 PSYoungGen      total 725504K, used 147975K [0x00000007aab00000, 0x00000007e1880000, 0x0000000800000000)
  eden space 552448K, 0% used [0x00000007aab00000,0x00000007aab00000,0x00000007cc680000)
  from space 173056K, 85% used [0x00000007cc680000,0x00000007d5701f28,0x00000007d6f80000)
  to   space 146944K, 0% used [0x00000007d8900000,0x00000007d8900000,0x00000007e1880000)
 ParOldGen       total 620544K, used 372252K [0x0000000700000000, 0x0000000725e00000, 0x00000007aab00000)
  object space 620544K, 59% used [0x0000000700000000,0x0000000716b870f8,0x0000000725e00000)
 Metaspace       used 175672K, committed 179072K, reserved 1048576K
  class space    used 23605K, committed 25152K, reserved 851968K
}
Event: 796.495 GC heap before
{Heap before GC invocations=34 (full 7):
 PSYoungGen      total 725504K, used 260273K [0x00000007aab00000, 0x00000007e1880000, 0x0000000800000000)
  eden space 552448K, 20% used [0x00000007aab00000,0x00000007b18aa830,0x00000007cc680000)
  from space 173056K, 85% used [0x00000007cc680000,0x00000007d5701f28,0x00000007d6f80000)
  to   space 146944K, 0% used [0x00000007d8900000,0x00000007d8900000,0x00000007e1880000)
 ParOldGen       total 620544K, used 372252K [0x0000000700000000, 0x0000000725e00000, 0x00000007aab00000)
  object space 620544K, 59% used [0x0000000700000000,0x0000000716b870f8,0x0000000725e00000)
 Metaspace       used 185558K, committed 189120K, reserved 1048576K
  class space    used 24847K, committed 26496K, reserved 851968K
}
Event: 796.565 GC heap after
{Heap after GC invocations=34 (full 7):
 PSYoungGen      total 688128K, used 146932K [0x00000007aab00000, 0x00000007eaa80000, 0x0000000800000000)
  eden space 541184K, 0% used [0x00000007aab00000,0x00000007aab00000,0x00000007cbb80000)
  from space 146944K, 99% used [0x00000007d8900000,0x00000007e187d1e0,0x00000007e1880000)
  to   space 210432K, 0% used [0x00000007cbb80000,0x00000007cbb80000,0x00000007d8900000)
 ParOldGen       total 620544K, used 389004K [0x0000000700000000, 0x0000000725e00000, 0x00000007aab00000)
  object space 620544K, 62% used [0x0000000700000000,0x0000000717be3380,0x0000000725e00000)
 Metaspace       used 185558K, committed 189120K, reserved 1048576K
  class space    used 24847K, committed 26496K, reserved 851968K
}
Event: 796.565 GC heap before
{Heap before GC invocations=35 (full 8):
 PSYoungGen      total 688128K, used 146932K [0x00000007aab00000, 0x00000007eaa80000, 0x0000000800000000)
  eden space 541184K, 0% used [0x00000007aab00000,0x00000007aab00000,0x00000007cbb80000)
  from space 146944K, 99% used [0x00000007d8900000,0x00000007e187d1e0,0x00000007e1880000)
  to   space 210432K, 0% used [0x00000007cbb80000,0x00000007cbb80000,0x00000007d8900000)
 ParOldGen       total 620544K, used 389004K [0x0000000700000000, 0x0000000725e00000, 0x00000007aab00000)
  object space 620544K, 62% used [0x0000000700000000,0x0000000717be3380,0x0000000725e00000)
 Metaspace       used 185558K, committed 189120K, reserved 1048576K
  class space    used 24847K, committed 26496K, reserved 851968K
}
Event: 797.702 GC heap after
{Heap after GC invocations=35 (full 8):
 PSYoungGen      total 688128K, used 0K [0x00000007aab00000, 0x00000007eaa80000, 0x0000000800000000)
  eden space 541184K, 0% used [0x00000007aab00000,0x00000007aab00000,0x00000007cbb80000)
  from space 146944K, 0% used [0x00000007d8900000,0x00000007d8900000,0x00000007e1880000)
  to   space 210432K, 0% used [0x00000007cbb80000,0x00000007cbb80000,0x00000007d8900000)
 ParOldGen       total 620544K, used 259038K [0x0000000700000000, 0x0000000725e00000, 0x00000007aab00000)
  object space 620544K, 41% used [0x0000000700000000,0x000000070fcf7910,0x0000000725e00000)
 Metaspace       used 185507K, committed 189120K, reserved 1048576K
  class space    used 24834K, committed 26496K, reserved 851968K
}

Dll operation events (17 events):
Event: 0.011 Loaded shared library C:\Program Files\Java\jdk-21\bin\java.dll
Event: 0.037 Loaded shared library C:\Program Files\Java\jdk-21\bin\jsvml.dll
Event: 0.068 Loaded shared library C:\Program Files\Java\jdk-21\bin\zip.dll
Event: 0.073 Loaded shared library C:\Program Files\Java\jdk-21\bin\instrument.dll
Event: 0.078 Loaded shared library C:\Program Files\Java\jdk-21\bin\net.dll
Event: 0.081 Loaded shared library C:\Program Files\Java\jdk-21\bin\nio.dll
Event: 0.085 Loaded shared library C:\Program Files\Java\jdk-21\bin\zip.dll
Event: 0.218 Loaded shared library C:\Program Files\Java\jdk-21\bin\jimage.dll
Event: 0.280 Loaded shared library C:\Program Files\Java\jdk-21\bin\verify.dll
Event: 0.435 Loaded shared library C:\Users\jayes\.gradle\native\c067742578af261105cb4f569cf0c3c89f3d7b1fecec35dd04571415982c5e48\windows-amd64\native-platform.dll
Event: 0.449 Loaded shared library C:\Users\jayes\.gradle\native\38dada09dfb8b06ba9b0570ebf7e218e3eb74d4ef43ca46872605cf95ebc2f47\windows-amd64\native-platform-file-events.dll
Event: 1.127 Loaded shared library C:\Program Files\Java\jdk-21\bin\management.dll
Event: 1.131 Loaded shared library C:\Program Files\Java\jdk-21\bin\management_ext.dll
Event: 1.333 Loaded shared library C:\Program Files\Java\jdk-21\bin\extnet.dll
Event: 1.464 Loaded shared library C:\Program Files\Java\jdk-21\bin\sunmscapi.dll
Event: 780.780 Loaded shared library C:\Users\jayes\AppData\Local\Temp\native-platform4464249451847005690dir\native-platform.dll
Event: 782.396 Loaded shared library C:\Program Files\Java\jdk-21\bin\rmi.dll

Deoptimization events (20 events):
Event: 799.664 Thread 0x000002c0fb90bd70 Uncommon trap: trap_request=0xffffff45 fr.pc=0x000002c0dfac2458 relative=0x00000000000002f8
Event: 799.664 Thread 0x000002c0fb90bd70 Uncommon trap: reason=unstable_if action=reinterpret pc=0x000002c0dfac2458 method=java.lang.Integer.parseInt(Ljava/lang/String;I)I @ 119 c2
Event: 799.664 Thread 0x000002c0fb90bd70 DEOPT PACKING pc=0x000002c0dfac2458 sp=0x000000d4f5afabc0
Event: 799.664 Thread 0x000002c0fb90bd70 DEOPT UNPACKING pc=0x000002c0decb3aa2 sp=0x000000d4f5afaac0 mode 2
Event: 799.664 Thread 0x000002c0f7bd74f0 Uncommon trap: trap_request=0xffffff45 fr.pc=0x000002c0e0365810 relative=0x0000000000000390
Event: 799.664 Thread 0x000002c0f7bd74f0 Uncommon trap: reason=unstable_if action=reinterpret pc=0x000002c0e0365810 method=java.lang.Integer.parseInt(Ljava/lang/String;I)I @ 119 c2
Event: 799.664 Thread 0x000002c0f7bd74f0 DEOPT PACKING pc=0x000002c0e0365810 sp=0x000000d4f50f9a80
Event: 799.664 Thread 0x000002c0f7bd74f0 DEOPT UNPACKING pc=0x000002c0decb3aa2 sp=0x000000d4f50f99f8 mode 2
Event: 799.750 Thread 0x000002c0f7bd74f0 Uncommon trap: trap_request=0xffffff45 fr.pc=0x000002c0e06ae56c relative=0x00000000000003ec
Event: 799.750 Thread 0x000002c0f7bd74f0 Uncommon trap: reason=unstable_if action=reinterpret pc=0x000002c0e06ae56c method=com.google.common.collect.MapMakerInternalMap$Segment.getEntry(Ljava/lang/Object;I)Lcom/google/common/collect/MapMakerInternalMap$InternalEntry; @ 63 c2
Event: 799.750 Thread 0x000002c0f7bd74f0 DEOPT PACKING pc=0x000002c0e06ae56c sp=0x000000d4f50f5d70
Event: 799.750 Thread 0x000002c0f7bd74f0 DEOPT UNPACKING pc=0x000002c0decb3aa2 sp=0x000000d4f50f5b98 mode 2
Event: 799.884 Thread 0x000002c0f7bd74f0 Uncommon trap: trap_request=0xffffff45 fr.pc=0x000002c0df63b92c relative=0x00000000000002cc
Event: 799.884 Thread 0x000002c0f7bd74f0 Uncommon trap: reason=unstable_if action=reinterpret pc=0x000002c0df63b92c method=com.google.common.collect.MapMakerInternalMap$Segment.getEntry(Ljava/lang/Object;I)Lcom/google/common/collect/MapMakerInternalMap$InternalEntry; @ 63 c2
Event: 799.884 Thread 0x000002c0f7bd74f0 DEOPT PACKING pc=0x000002c0df63b92c sp=0x000000d4f50f5fa0
Event: 799.884 Thread 0x000002c0f7bd74f0 DEOPT UNPACKING pc=0x000002c0decb3aa2 sp=0x000000d4f50f5f38 mode 2
Event: 799.900 Thread 0x000002c0fb90b050 Uncommon trap: trap_request=0xffffffc6 fr.pc=0x000002c0e009ac20 relative=0x0000000000001720
Event: 799.900 Thread 0x000002c0fb90b050 Uncommon trap: reason=bimorphic_or_optimized_type_check action=maybe_recompile pc=0x000002c0e009ac20 method=org.gradle.internal.snapshot.impl.AbstractValueProcessor.processValue(Ljava/lang/Object;Lorg/gradle/internal/snapshot/impl/AbstractValueProcessor$V
Event: 799.900 Thread 0x000002c0fb90b050 DEOPT PACKING pc=0x000002c0e009ac20 sp=0x000000d4f58fae70
Event: 799.900 Thread 0x000002c0fb90b050 DEOPT UNPACKING pc=0x000002c0decb3aa2 sp=0x000000d4f58fae10 mode 2

Classes loaded (20 events):
Event: 797.817 Loading class java/util/EnumMap$Values
Event: 797.817 Loading class java/util/EnumMap$Values done
Event: 797.818 Loading class java/util/EnumMap$ValueIterator
Event: 797.818 Loading class java/util/EnumMap$ValueIterator done
Event: 797.894 Loading class java/util/PriorityQueue
Event: 797.895 Loading class java/util/PriorityQueue done
Event: 798.756 Loading class java/util/zip/ZipFile$ZipEntryIterator
Event: 798.757 Loading class java/util/zip/ZipFile$ZipEntryIterator done
Event: 798.768 Loading class java/util/concurrent/locks/ReentrantReadWriteLock$Sync$HoldCounter
Event: 798.768 Loading class java/util/concurrent/locks/ReentrantReadWriteLock$Sync$HoldCounter done
Event: 798.795 Loading class java/util/zip/ZipInputStream
Event: 798.796 Loading class java/util/zip/ZipInputStream done
Event: 798.796 Loading class java/io/PushbackInputStream
Event: 798.796 Loading class java/io/PushbackInputStream done
Event: 798.954 Loading class java/nio/file/FileTreeIterator
Event: 798.954 Loading class java/nio/file/FileTreeIterator done
Event: 799.669 Loading class java/util/IdentityHashMap$EntrySet
Event: 799.669 Loading class java/util/IdentityHashMap$EntrySet done
Event: 799.696 Loading class java/util/concurrent/RejectedExecutionException
Event: 799.696 Loading class java/util/concurrent/RejectedExecutionException done

Classes unloaded (20 events):
Event: 26.139 Thread 0x000002c0ef924c30 Unloading class 0x000002c081fa2800 'java/lang/invoke/LambdaForm$DMH+0x000002c081fa2800'
Event: 26.139 Thread 0x000002c0ef924c30 Unloading class 0x000002c081fa2400 'java/lang/invoke/LambdaForm$DMH+0x000002c081fa2400'
Event: 26.139 Thread 0x000002c0ef924c30 Unloading class 0x000002c081fa1c00 'java/lang/invoke/LambdaForm$DMH+0x000002c081fa1c00'
Event: 26.139 Thread 0x000002c0ef924c30 Unloading class 0x000002c081fa2000 'java/lang/invoke/LambdaForm$DMH+0x000002c081fa2000'
Event: 26.139 Thread 0x000002c0ef924c30 Unloading class 0x000002c081fa1800 'java/lang/invoke/LambdaForm$DMH+0x000002c081fa1800'
Event: 26.139 Thread 0x000002c0ef924c30 Unloading class 0x000002c081fa1400 'java/lang/invoke/LambdaForm$DMH+0x000002c081fa1400'
Event: 26.139 Thread 0x000002c0ef924c30 Unloading class 0x000002c081fa1000 'java/lang/invoke/LambdaForm$DMH+0x000002c081fa1000'
Event: 26.139 Thread 0x000002c0ef924c30 Unloading class 0x000002c081fa0c00 'java/lang/invoke/LambdaForm$DMH+0x000002c081fa0c00'
Event: 26.139 Thread 0x000002c0ef924c30 Unloading class 0x000002c081fa0800 'java/lang/invoke/LambdaForm$DMH+0x000002c081fa0800'
Event: 796.642 Thread 0x000002c0ef924c30 Unloading class 0x000002c0822587d0 '_BuildScript_$_run_closure1$_closure2$_closure4$_closure5'
Event: 796.642 Thread 0x000002c0ef924c30 Unloading class 0x000002c0822583e8 '_BuildScript_$_run_closure1$_closure2$_closure4'
Event: 796.642 Thread 0x000002c0ef924c30 Unloading class 0x000002c082258000 '_BuildScript_$_run_closure1$_closure2$_closure3'
Event: 796.642 Thread 0x000002c0ef924c30 Unloading class 0x000002c082253918 '_BuildScript_$_run_closure1$_closure2'
Event: 796.642 Thread 0x000002c0ef924c30 Unloading class 0x000002c082253530 '_BuildScript_$_run_closure1'
Event: 796.642 Thread 0x000002c0ef924c30 Unloading class 0x000002c082253000 '_BuildScript_'
Event: 796.642 Thread 0x000002c0ef924c30 Unloading class 0x000002c0822513e8 '_BuildScript_$_run_closure1$_closure2$_closure3$_closure4'
Event: 796.643 Thread 0x000002c0ef924c30 Unloading class 0x000002c082251000 '_BuildScript_$_run_closure1$_closure2$_closure3'
Event: 796.643 Thread 0x000002c0ef924c30 Unloading class 0x000002c082250918 '_BuildScript_$_run_closure1$_closure2'
Event: 796.643 Thread 0x000002c0ef924c30 Unloading class 0x000002c082250530 '_BuildScript_$_run_closure1'
Event: 796.643 Thread 0x000002c0ef924c30 Unloading class 0x000002c082250000 '_BuildScript_'

Classes redefined (0 events):
No events

Internal exceptions (20 events):
Event: 798.786 Thread 0x000002c0f7bd74f0 Exception <a 'sun/nio/fs/WindowsException'{0x00000007ad291468}> (0x00000007ad291468) 
thrown [s\open\src\hotspot\share\prims\jni.cpp, line 520]
Event: 798.787 Thread 0x000002c0f7bd74f0 Exception <a 'sun/nio/fs/WindowsException'{0x00000007ad294f10}> (0x00000007ad294f10) 
thrown [s\open\src\hotspot\share\prims\jni.cpp, line 520]
Event: 798.788 Thread 0x000002c0f7bd74f0 Exception <a 'sun/nio/fs/WindowsException'{0x00000007ad299010}> (0x00000007ad299010) 
thrown [s\open\src\hotspot\share\prims\jni.cpp, line 520]
Event: 798.791 Thread 0x000002c0f7bd74f0 Exception <a 'sun/nio/fs/WindowsException'{0x00000007ad29d168}> (0x00000007ad29d168) 
thrown [s\open\src\hotspot\share\prims\jni.cpp, line 520]
Event: 798.792 Thread 0x000002c0f7bd74f0 Exception <a 'sun/nio/fs/WindowsException'{0x00000007ad2a0c08}> (0x00000007ad2a0c08) 
thrown [s\open\src\hotspot\share\prims\jni.cpp, line 520]
Event: 798.793 Thread 0x000002c0f7bd74f0 Exception <a 'sun/nio/fs/WindowsException'{0x00000007ad9bbfe8}> (0x00000007ad9bbfe8) 
thrown [s\open\src\hotspot\share\prims\jni.cpp, line 520]
Event: 798.794 Thread 0x000002c0f7bd74f0 Exception <a 'sun/nio/fs/WindowsException'{0x00000007ad9bfb00}> (0x00000007ad9bfb00) 
thrown [s\open\src\hotspot\share\prims\jni.cpp, line 520]
Event: 798.795 Thread 0x000002c0f7bd74f0 Exception <a 'sun/nio/fs/WindowsException'{0x00000007ad9c3518}> (0x00000007ad9c3518) 
thrown [s\open\src\hotspot\share\prims\jni.cpp, line 520]
Event: 798.796 Thread 0x000002c0f7bd74f0 Exception <a 'sun/nio/fs/WindowsException'{0x00000007ad9c6fc8}> (0x00000007ad9c6fc8) 
thrown [s\open\src\hotspot\share\prims\jni.cpp, line 520]
Event: 798.798 Thread 0x000002c0f7bd74f0 Exception <a 'sun/nio/fs/WindowsException'{0x00000007ad9caa98}> (0x00000007ad9caa98) 
thrown [s\open\src\hotspot\share\prims\jni.cpp, line 520]
Event: 798.802 Thread 0x000002c0f7bd74f0 Exception <a 'sun/nio/fs/WindowsException'{0x00000007ad9ce568}> (0x00000007ad9ce568) 
thrown [s\open\src\hotspot\share\prims\jni.cpp, line 520]
Event: 798.804 Thread 0x000002c0f7bd74f0 Exception <a 'sun/nio/fs/WindowsException'{0x00000007ad9d1f78}> (0x00000007ad9d1f78) 
thrown [s\open\src\hotspot\share\prims\jni.cpp, line 520]
Event: 798.807 Thread 0x000002c0f7bd74f0 Exception <a 'sun/nio/fs/WindowsException'{0x00000007ad9d6060}> (0x00000007ad9d6060) 
thrown [s\open\src\hotspot\share\prims\jni.cpp, line 520]
Event: 798.810 Thread 0x000002c0f7bd74f0 Exception <a 'sun/nio/fs/WindowsException'{0x00000007ad9d9ac0}> (0x00000007ad9d9ac0) 
thrown [s\open\src\hotspot\share\prims\jni.cpp, line 520]
Event: 798.816 Thread 0x000002c0f7bd74f0 Exception <a 'sun/nio/fs/WindowsException'{0x00000007ad9ddb58}> (0x00000007ad9ddb58) 
thrown [s\open\src\hotspot\share\prims\jni.cpp, line 520]
Event: 798.821 Thread 0x000002c0f7bd74f0 Exception <a 'sun/nio/fs/WindowsException'{0x00000007ad9e1570}> (0x00000007ad9e1570) 
thrown [s\open\src\hotspot\share\prims\jni.cpp, line 520]
Event: 798.822 Thread 0x000002c0f7bd74f0 Exception <a 'sun/nio/fs/WindowsException'{0x00000007ad9e4f68}> (0x00000007ad9e4f68) 
thrown [s\open\src\hotspot\share\prims\jni.cpp, line 520]
Event: 798.824 Thread 0x000002c0f7bd74f0 Exception <a 'sun/nio/fs/WindowsException'{0x00000007ad9e88a8}> (0x00000007ad9e88a8) 
thrown [s\open\src\hotspot\share\prims\jni.cpp, line 520]
Event: 799.327 Thread 0x000002c0fb90bd70 Implicit null exception at 0x000002c0e057eb37 to 0x000002c0e057ec98
Event: 799.900 Thread 0x000002c0fb90b050 Exception <a 'java/lang/NoSuchMethodError'{0x00000007b2eaa068}: static Lorg/jetbrains/kotlin/incremental/ClasspathChanges$ClasspathSnapshotEnabled$IncrementalRun$ToBeComputedByIncrementalCompiler;.<clinit>()V> (0x00000007b2eaa068) 
thrown [s\open\src\hotspot\share\prims\jni.cpp, line 1111]

ZGC Phase Switch (0 events):
No events

VM Operations (20 events):
Event: 794.689 Executing VM operation: HandshakeAllThreads (Deoptimize)
Event: 794.690 Executing VM operation: HandshakeAllThreads (Deoptimize) done
Event: 795.163 Executing VM operation: HandshakeAllThreads (Deoptimize)
Event: 795.163 Executing VM operation: HandshakeAllThreads (Deoptimize) done
Event: 795.300 Executing VM operation: HandshakeAllThreads (Deoptimize)
Event: 795.300 Executing VM operation: HandshakeAllThreads (Deoptimize) done
Event: 796.130 Executing VM operation: ICBufferFull
Event: 796.131 Executing VM operation: ICBufferFull done
Event: 796.495 Executing VM operation: ParallelGCSystemGC (CodeCache GC Threshold)
Event: 797.702 Executing VM operation: ParallelGCSystemGC (CodeCache GC Threshold) done
Event: 798.000 Executing VM operation: HandshakeAllThreads (Deoptimize)
Event: 798.000 Executing VM operation: HandshakeAllThreads (Deoptimize) done
Event: 798.296 Executing VM operation: HandshakeAllThreads (Deoptimize)
Event: 798.297 Executing VM operation: HandshakeAllThreads (Deoptimize) done
Event: 798.654 Executing VM operation: HandshakeAllThreads (Deoptimize)
Event: 798.655 Executing VM operation: HandshakeAllThreads (Deoptimize) done
Event: 799.327 Executing VM operation: ICBufferFull
Event: 799.327 Executing VM operation: ICBufferFull done
Event: 800.328 Executing VM operation: Cleanup
Event: 800.503 Executing VM operation: Cleanup done

Events (20 events):
Event: 796.962 Thread 0x000002c0ef924c30 flushing nmethod 0x000002c0d9f5da90
Event: 796.962 Thread 0x000002c0ef924c30 flushing nmethod 0x000002c0da0b1710
Event: 796.962 Thread 0x000002c0ef924c30 flushing nmethod 0x000002c0da187610
Event: 797.707 Thread 0x000002c0fd229260 Thread exited: 0x000002c0fd229260
Event: 797.707 Thread 0x000002c0fe4d7a30 Thread exited: 0x000002c0fe4d7a30
Event: 798.030 Thread 0x000002c0bfad0080 Thread added: 0x000002c0bfad0080
Event: 798.068 Thread 0x000002c0fc5e2a60 Thread added: 0x000002c0fc5e2a60
Event: 798.313 Thread 0x000002c0bfad0080 Thread exited: 0x000002c0bfad0080
Event: 798.574 Thread 0x000002c0fb70db90 Thread added: 0x000002c0fb70db90
Event: 798.754 Thread 0x000002c0bfad2290 Thread added: 0x000002c0bfad2290
Event: 798.886 Thread 0x000002c0fe23e780 Thread exited: 0x000002c0fe23e780
Event: 799.161 Thread 0x000002c0bfad2290 Thread exited: 0x000002c0bfad2290
Event: 799.574 Thread 0x000002c0bfad1bc0 Thread added: 0x000002c0bfad1bc0
Event: 799.900 Thread 0x000002c0f1c52430 Thread added: 0x000002c0f1c52430
Event: 799.910 Thread 0x000002c0f936a030 Thread added: 0x000002c0f936a030
Event: 799.912 Thread 0x000002c0fd7d5a70 Thread added: 0x000002c0fd7d5a70
Event: 799.934 Thread 0x000002c0fb70e8b0 Thread added: 0x000002c0fb70e8b0
Event: 799.951 Thread 0x000002c0fd658d00 Thread added: 0x000002c0fd658d00
Event: 799.965 Thread 0x000002c0fd658670 Thread added: 0x000002c0fd658670
Event: 800.501 Thread 0x000002c0f9367f60 Thread added: 0x000002c0f9367f60


Dynamic libraries:
0x00007ff6c2020000 - 0x00007ff6c2030000 	C:\Program Files\Java\jdk-21\bin\java.exe
0x00007fff36d60000 - 0x00007fff36fc7000 	C:\WINDOWS\SYSTEM32\ntdll.dll
0x00007fff362f0000 - 0x00007fff363b9000 	C:\WINDOWS\System32\KERNEL32.DLL
0x00007fff33860000 - 0x00007fff33c51000 	C:\WINDOWS\System32\KERNELBASE.dll
0x00007fff33ed0000 - 0x00007fff3401b000 	C:\WINDOWS\System32\ucrtbase.dll
0x00007ffeda600000 - 0x00007ffeda619000 	C:\Program Files\Java\jdk-21\bin\jli.dll
0x00007ffee03d0000 - 0x00007ffee03eb000 	C:\Program Files\Java\jdk-21\bin\VCRUNTIME140.dll
0x00007fff357d0000 - 0x00007fff3588b000 	C:\WINDOWS\System32\ADVAPI32.dll
0x00007fff34b00000 - 0x00007fff34ba9000 	C:\WINDOWS\System32\msvcrt.dll
0x00007fff36070000 - 0x00007fff36117000 	C:\WINDOWS\System32\sechost.dll
0x00007fff36740000 - 0x00007fff36858000 	C:\WINDOWS\System32\RPCRT4.dll
0x00007fff36120000 - 0x00007fff362e5000 	C:\WINDOWS\System32\USER32.dll
0x00007fff12990000 - 0x00007fff12c23000 	C:\WINDOWS\WinSxS\amd64_microsoft.windows.common-controls_6595b64144ccf1df_6.0.26100.7922_none_3e089e1ee3342171\COMCTL32.dll
0x00007fff33de0000 - 0x00007fff33e07000 	C:\WINDOWS\System32\win32u.dll
0x00007fff365b0000 - 0x00007fff365db000 	C:\WINDOWS\System32\GDI32.dll
0x00007fff34940000 - 0x00007fff34a6a000 	C:\WINDOWS\System32\gdi32full.dll
0x00007fff33640000 - 0x00007fff336e3000 	C:\WINDOWS\System32\msvcp_win.dll
0x00007fff28650000 - 0x00007fff2865b000 	C:\WINDOWS\SYSTEM32\VERSION.dll
0x00007fff35d70000 - 0x00007fff35da1000 	C:\WINDOWS\System32\IMM32.DLL
0x00007ffef5ef0000 - 0x00007ffef5efc000 	C:\Program Files\Java\jdk-21\bin\vcruntime140_1.dll
0x00007ffe886e0000 - 0x00007ffe8876e000 	C:\Program Files\Java\jdk-21\bin\msvcp140.dll
0x00007ffe609e0000 - 0x00007ffe616f3000 	C:\Program Files\Java\jdk-21\bin\server\jvm.dll
0x00007fff35af0000 - 0x00007fff35b64000 	C:\WINDOWS\System32\WS2_32.dll
0x00007fff32e20000 - 0x00007fff32e7e000 	C:\WINDOWS\SYSTEM32\POWRPROF.dll
0x00007fff24ef0000 - 0x00007fff24f25000 	C:\WINDOWS\SYSTEM32\WINMM.dll
0x00007fff32e00000 - 0x00007fff32e14000 	C:\WINDOWS\SYSTEM32\UMPDC.dll
0x00007fff323a0000 - 0x00007fff323bb000 	C:\WINDOWS\SYSTEM32\kernel.appcore.dll
0x00007ffef5e00000 - 0x00007ffef5e0a000 	C:\Program Files\Java\jdk-21\bin\jimage.dll
0x00007fff31440000 - 0x00007fff31682000 	C:\WINDOWS\SYSTEM32\DBGHELP.DLL
0x00007fff36860000 - 0x00007fff36be2000 	C:\WINDOWS\System32\combase.dll
0x00007fff35bd0000 - 0x00007fff35ca7000 	C:\WINDOWS\System32\OLEAUT32.dll
0x00007fff12210000 - 0x00007fff1224b000 	C:\WINDOWS\SYSTEM32\dbgcore.DLL
0x00007fff34020000 - 0x00007fff340c5000 	C:\WINDOWS\System32\bcryptPrimitives.dll
0x00007ffef5d80000 - 0x00007ffef5d8f000 	C:\Program Files\Java\jdk-21\bin\instrument.dll
0x00007ffed8ca0000 - 0x00007ffed8cbf000 	C:\Program Files\Java\jdk-21\bin\java.dll
0x00007fff35060000 - 0x00007fff357bf000 	C:\WINDOWS\System32\SHELL32.dll
0x00007fff336f0000 - 0x00007fff3385a000 	C:\WINDOWS\System32\wintypes.dll
0x00007fff340d0000 - 0x00007fff34934000 	C:\WINDOWS\System32\windows.storage.dll
0x00007fff36bf0000 - 0x00007fff36ce7000 	C:\WINDOWS\System32\SHCORE.dll
0x00007fff363c0000 - 0x00007fff36427000 	C:\WINDOWS\System32\shlwapi.dll
0x00007fff33560000 - 0x00007fff33589000 	C:\WINDOWS\SYSTEM32\profapi.dll
0x00007ffe82f70000 - 0x00007ffe83047000 	C:\Program Files\Java\jdk-21\bin\jsvml.dll
0x00007ffed8ab0000 - 0x00007ffed8ac8000 	C:\Program Files\Java\jdk-21\bin\zip.dll
0x00007ffee05a0000 - 0x00007ffee05b0000 	C:\Program Files\Java\jdk-21\bin\net.dll
0x00007fff29ce0000 - 0x00007fff29e07000 	C:\WINDOWS\SYSTEM32\WINHTTP.dll
0x00007fff32920000 - 0x00007fff3298b000 	C:\WINDOWS\system32\mswsock.dll
0x00007ffed8200000 - 0x00007ffed8216000 	C:\Program Files\Java\jdk-21\bin\nio.dll
0x00007ffee0430000 - 0x00007ffee0440000 	C:\Program Files\Java\jdk-21\bin\verify.dll
0x00007ffecd8a0000 - 0x00007ffecd8c7000 	C:\Users\jayes\.gradle\native\c067742578af261105cb4f569cf0c3c89f3d7b1fecec35dd04571415982c5e48\windows-amd64\native-platform.dll
0x00007ffe6cd70000 - 0x00007ffe6ceb4000 	C:\Users\jayes\.gradle\native\38dada09dfb8b06ba9b0570ebf7e218e3eb74d4ef43ca46872605cf95ebc2f47\windows-amd64\native-platform-file-events.dll
0x00007ffed8910000 - 0x00007ffed891a000 	C:\Program Files\Java\jdk-21\bin\management.dll
0x00007ffed81f0000 - 0x00007ffed81fb000 	C:\Program Files\Java\jdk-21\bin\management_ext.dll
0x00007fff36430000 - 0x00007fff36438000 	C:\WINDOWS\System32\PSAPI.DLL
0x00007fff32c20000 - 0x00007fff32c3b000 	C:\WINDOWS\SYSTEM32\CRYPTSP.dll
0x00007fff32300000 - 0x00007fff32339000 	C:\WINDOWS\system32\rsaenh.dll
0x00007fff329f0000 - 0x00007fff32a22000 	C:\WINDOWS\SYSTEM32\USERENV.dll
0x00007fff33530000 - 0x00007fff3355a000 	C:\WINDOWS\SYSTEM32\bcrypt.dll
0x00007fff32c40000 - 0x00007fff32c4c000 	C:\WINDOWS\SYSTEM32\CRYPTBASE.dll
0x00007fff31ca0000 - 0x00007fff31cd3000 	C:\WINDOWS\SYSTEM32\IPHLPAPI.DLL
0x00007fff35040000 - 0x00007fff3504a000 	C:\WINDOWS\System32\NSI.dll
0x00007ffed81e0000 - 0x00007ffed81e9000 	C:\Program Files\Java\jdk-21\bin\extnet.dll
0x00007ffed81d0000 - 0x00007ffed81de000 	C:\Program Files\Java\jdk-21\bin\sunmscapi.dll
0x00007fff33c60000 - 0x00007fff33dd7000 	C:\WINDOWS\System32\CRYPT32.dll
0x00007fff32f60000 - 0x00007fff32f90000 	C:\WINDOWS\SYSTEM32\ncrypt.dll
0x00007fff32f10000 - 0x00007fff32f4f000 	C:\WINDOWS\SYSTEM32\NTASN1.dll
0x00007ffef3e80000 - 0x00007ffef3e88000 	C:\WINDOWS\system32\wshunix.dll
0x00007fff12d80000 - 0x00007fff12d98000 	C:\WINDOWS\system32\napinsp.dll
0x00007fff31e10000 - 0x00007fff31f3a000 	C:\WINDOWS\SYSTEM32\DNSAPI.dll
0x00007fff12d60000 - 0x00007fff12d72000 	C:\WINDOWS\System32\winrnr.dll
0x00007fff12d30000 - 0x00007fff12d52000 	C:\WINDOWS\system32\nlansp_c.dll
0x00007fff289b0000 - 0x00007fff289c6000 	C:\WINDOWS\system32\wshbth.dll
0x00007fff29e10000 - 0x00007fff29e1b000 	C:\Windows\System32\rasadhlp.dll
0x00007fff2af10000 - 0x00007fff2af96000 	C:\WINDOWS\System32\fwpuclnt.dll
0x00007ffef5d90000 - 0x00007ffef5dae000 	C:\Users\jayes\AppData\Local\Temp\native-platform4464249451847005690dir\native-platform.dll
0x00007ffef6110000 - 0x00007ffef6117000 	C:\Program Files\Java\jdk-21\bin\rmi.dll
0x00007fff324d0000 - 0x00007fff32506000 	C:\WINDOWS\SYSTEM32\ntmarta.dll

dbghelp: loaded successfully - version: 4.0.5 - missing functions: none
symbol engine: initialized successfully - sym options: 0x614 - pdb path: .;C:\Program Files\Java\jdk-21\bin;C:\WINDOWS\SYSTEM32;C:\WINDOWS\WinSxS\amd64_microsoft.windows.common-controls_6595b64144ccf1df_6.0.26100.7922_none_3e089e1ee3342171;C:\Program Files\Java\jdk-21\bin\server;C:\Users\jayes\.gradle\native\c067742578af261105cb4f569cf0c3c89f3d7b1fecec35dd04571415982c5e48\windows-amd64;C:\Users\jayes\.gradle\native\38dada09dfb8b06ba9b0570ebf7e218e3eb74d4ef43ca46872605cf95ebc2f47\windows-amd64;C:\Users\jayes\AppData\Local\Temp\native-platform4464249451847005690dir

VM Arguments:
jvm_args: -XX:+UseParallelGC -XX:MaxMetaspaceSize=1024m --add-opens=java.base/java.util=ALL-UNNAMED --add-opens=java.base/java.lang=ALL-UNNAMED --add-opens=java.base/java.lang.invoke=ALL-UNNAMED --add-opens=java.prefs/java.util.prefs=ALL-UNNAMED --add-opens=java.base/java.nio.charset=ALL-UNNAMED --add-opens=java.base/java.net=ALL-UNNAMED --add-opens=java.base/java.util.concurrent.atomic=ALL-UNNAMED -Xmx4096m -Dfile.encoding=UTF-8 -Duser.country=IN -Duser.language=en -Duser.variant -javaagent:C:\Users\jayes\.gradle\wrapper\dists\gradle-8.6-bin\afr5mpiioh2wthjmwnkmdsd5w\gradle-8.6\lib\agents\gradle-instrumentation-agent-8.6.jar 
java_command: org.gradle.launcher.daemon.bootstrap.GradleDaemon 8.6
java_class_path (initial): C:\Users\jayes\.gradle\wrapper\dists\gradle-8.6-bin\afr5mpiioh2wthjmwnkmdsd5w\gradle-8.6\lib\gradle-launcher-8.6.jar
Launcher Type: SUN_STANDARD

[Global flags]
     intx CICompilerCount                          = 4                                         {product} {ergonomic}
   size_t CompressedClassSpaceSize                 = 872415232                                 {product} {ergonomic}
   size_t InitialHeapSize                          = 264241152                                 {product} {ergonomic}
   size_t MaxHeapSize                              = 4294967296                                {product} {command line}
   size_t MaxMetaspaceSize                         = 1073741824                                {product} {command line}
   size_t MaxNewSize                               = 1431306240                                {product} {ergonomic}
   size_t MinHeapDeltaBytes                        = 524288                                    {product} {ergonomic}
   size_t MinHeapSize                              = 8388608                                   {product} {ergonomic}
   size_t NewSize                                  = 88080384                                  {product} {ergonomic}
    uintx NonNMethodCodeHeapSize                   = 5839372                                {pd product} {ergonomic}
    uintx NonProfiledCodeHeapSize                  = 122909434                              {pd product} {ergonomic}
   size_t OldSize                                  = 176160768                                 {product} {ergonomic}
    uintx ProfiledCodeHeapSize                     = 122909434                              {pd product} {ergonomic}
    uintx ReservedCodeCacheSize                    = 251658240                              {pd product} {ergonomic}
     bool SegmentedCodeCache                       = true                                      {product} {ergonomic}
   size_t SoftMaxHeapSize                          = 4294967296                             {manageable} {ergonomic}
     bool UseCompressedOops                        = true                           {product lp64_product} {ergonomic}
     bool UseLargePagesIndividualAllocation        = false                                  {pd product} {ergonomic}
     bool UseParallelGC                            = true                                      {product} {command line}

Logging:
Log output configuration:
 #0: stdout all=warning uptime,level,tags foldmultilines=false
 #1: stderr all=off uptime,level,tags foldmultilines=false

Environment Variables:
PATH=c:\Users\jayes\AppData\Local\Programs\cursor\resources\app\bin;C:\Program Files\Common Files\Oracle\Java\javapath;C:\Program Files (x86)\Common Files\Oracle\Java\java8path;C:\Program Files (x86)\Common Files\Oracle\Java\javapath;C:\windows\system32;C:\windows;C:\windows\System32\Wbem;C:\windows\System32\WindowsPowerShell\v1.0\;C:\windows\System32\OpenSSH\;C:\Program Files (x86)\NVIDIA Corporation\PhysX\Common;C:\Program Files\HP\HP One Agent;C:\Program Files\nodejs\;C:\ProgramData\chocolatey\bin;C:\Program Files\Git\cmd;C:\Program Files\Git\mingw64\bin;C:\Program Files\Git\usr\bin;C:\Program Files\MongoDB\mongosh-2.3.1-win32-x64\bin;C:\Program Files\NVIDIA Corporation\NVIDIA app\NvDLISR;C:\WINDOWS\system32;C:\WINDOWS;C:\WINDOWS\System32\Wbem;C:\WINDOWS\System32\WindowsPowerShell\v1.0\;C:\WINDOWS\System32\OpenSSH\;C:\Users\jayes\AppData\Local\Programs\Python\Python311\Scripts\;C:\Users\jayes\AppData\Local\Programs\Python\Python311\;C:\Users\j;C:\platform-tools;C:\Program Files\Microsoft SQL Server\150\Tools\Binn\;C:\Users\jayes\AppData\Local\Programs\Python\Python311\Scripts\;C:\Users\jayes\AppData\Local\Programs\Python\Python311\;C:\Users\jayes\AppData\Local\Microsoft\WindowsApps;C:\src\flutter\bin;C:\Users\jayes\AppData\Local\GitHubDesktop\bin;C:\Users\jayes\AppData\Local\Microsoft\WinGet\Links;C:\Users\jayes\AppData\Roaming\npm;C:\Program Files\JetBrains\WebStorm 2024.3.1\bin;;C:\Users\jayes\AppData\Local\Programs\Microsoft VS Code\bin;C:\Users\jayes\AppData\Local\Programs\cursor\resources\app\bin;C:\flutter\bin;C:\Users\jayes\AppData\Local\Pub\Cache\bin;C:\Users\jayes\.dotnet\tools
USERNAME=jayes
OS=Windows_NT
PROCESSOR_IDENTIFIER=Intel64 Family 6 Model 154 Stepping 3, GenuineIntel
TMP=C:\Users\jayes\AppData\Local\Temp
TEMP=C:\Users\jayes\AppData\Local\Temp




Periodic native trim disabled

---------------  S Y S T E M  ---------------

OS:
 Windows 11 , 64 bit Build 26100 (10.0.26100.7920)
OS uptime: 11 days 13:34 hours
Hyper-V role detected

CPU: total 12 (initial active 12) (6 cores per cpu, 2 threads per core) family 6 model 154 stepping 3 microcode 0x434, cx8, cmov, fxsr, ht, mmx, 3dnowpref, sse, sse2, sse3, ssse3, sse4.1, sse4.2, popcnt, lzcnt, tsc, tscinvbit, avx, avx2, aes, erms, clmul, bmi1, bmi2, adx, sha, fma, vzeroupper, clflush, clflushopt, clwb, hv, serialize, rdtscp, rdpid, fsrm, f16c, cet_ibt, cet_ss
Processor Information for all 12 processors :
  Max Mhz: 2000, Current Mhz: 2000, Mhz Limit: 2000

Memory: 4k page, system-wide physical 16052M (1047M free)
TotalPageFile size 65204M (AvailPageFile size 11M)
current process WorkingSet (physical memory assigned to process): 1303M, peak: 1469M
current process commit charge ("private bytes"): 2339M, peak: 2343M

vm_info: Java HotSpot(TM) 64-Bit Server VM (21.0.4+8-LTS-274) for windows-amd64 JRE (21.0.4+8-LTS-274), built on 2024-06-05T05:23:33Z by "mach5one" with MS VC++ 17.6 (VS2022)

END.
