#
# There is insufficient memory for the Java Runtime Environment to continue.
# Native memory allocation (malloc) failed to allocate 1840800 bytes. Error detail: Chunk::new
# Possible reasons:
#   The system is out of physical RAM or swap space
#   This process is running with CompressedOops enabled, and the Java Heap may be blocking the growth of the native heap
# Possible solutions:
#   Reduce memory load on the system
#   Increase physical memory or swap space
#   Check if swap backing store is full
#   Decrease Java heap size (-Xmx/-Xms)
#   Decrease number of Java threads
#   Decrease Java thread stack sizes (-Xss)
#   Set larger code cache with -XX:ReservedCodeCacheSize=
#   JVM is running with Unscaled Compressed Oops mode in which the Java heap is
#     placed in the first 4GB address space. The Java Heap base address is the
#     maximum limit for the native heap growth. Please use -XX:HeapBaseMinAddress
#     to set the Java Heap base and to place the Java Heap above 4GB virtual address.
# This output file may be truncated or incomplete.
#
#  Out of Memory Error (arena.cpp:168), pid=91780, tid=48160
#
# JRE version: OpenJDK Runtime Environment Temurin-21.0.10+7 (21.0.10+7) (build 21.0.10+7-LTS)
# Java VM: OpenJDK 64-Bit Server VM Temurin-21.0.10+7 (21.0.10+7-LTS, mixed mode, sharing, tiered, compressed oops, compressed class ptrs, parallel gc, windows-amd64)
# No core dump will be written. Minidumps are not enabled by default on client versions of Windows
#

---------------  S U M M A R Y ------------

Command Line: --add-modules=ALL-SYSTEM --add-opens=java.base/java.util=ALL-UNNAMED --add-opens=java.base/java.lang=ALL-UNNAMED --add-opens=java.base/sun.nio.fs=ALL-UNNAMED -Declipse.application=org.eclipse.jdt.ls.core.id1 -Dosgi.bundles.defaultStartLevel=4 -Declipse.product=org.eclipse.jdt.ls.core.product -Djava.import.generatesMetadataFilesAtProjectRoot=false -DDetectVMInstallationsJob.disabled=true -Dfile.encoding=utf8 -XX:+UseParallelGC -XX:GCTimeRatio=4 -XX:AdaptiveSizePolicyWeight=90 -Dsun.zip.disableMemoryMapping=true -Xmx2G -Xms100m -Xlog:disable -javaagent:c:\Users\jayes\.vscode\extensions\redhat.java-1.53.0-win32-x64\lombok\lombok-1.18.39-4050.jar -XX:+HeapDumpOnOutOfMemoryError -XX:HeapDumpPath=c:\Users\jayes\AppData\Roaming\Code\User\workspaceStorage\5159189813e4aca66e7defa5ecb4e5fb\redhat.java -Daether.dependencyCollector.impl=bf c:\Users\jayes\.vscode\extensions\redhat.java-1.53.0-win32-x64\server\plugins\org.eclipse.equinox.launcher_1.7.100.v20251111-0406.jar -configuration c:\Users\jayes\AppData\Roaming\Code\User\globalStorage\redhat.java\1.53.0\config_win -data c:\Users\jayes\AppData\Roaming\Code\User\workspaceStorage\5159189813e4aca66e7defa5ecb4e5fb\redhat.java\jdt_ws --pipe=\\.\pipe\lsp-99d3f40edaf686ccbb25ad705c19b419-sock

Host: 12th Gen Intel(R) Core(TM) i5-12450H, 12 cores, 15G,  Windows 11 , 64 bit Build 26100 (10.0.26100.7920)
Time: Wed Mar 11 18:34:43 2026 India Standard Time elapsed time: 38.740230 seconds (0d 0h 0m 38s)

---------------  T H R E A D  ---------------

Current thread (0x000002cd55ad6f50):  JavaThread "C2 CompilerThread0" daemon [_thread_in_native, id=48160, stack(0x000000ea92900000,0x000000ea92a00000) (1024K)]


Current CompileTask:
C2:38740 4981   !   4       org.eclipse.osgi.internal.loader.classpath.ClasspathManager::findClassImpl (328 bytes)

Stack: [0x000000ea92900000,0x000000ea92a00000]
Native frames: (J=compiled Java code, j=interpreted, Vv=VM code, C=native code)
V  [jvm.dll+0x6d7a39]
V  [jvm.dll+0x8b4b26]
V  [jvm.dll+0x8b70de]
V  [jvm.dll+0x8b77c3]
V  [jvm.dll+0x284346]
V  [jvm.dll+0xc66ed]
V  [jvm.dll+0xc6c31]
V  [jvm.dll+0x3bec3b]
V  [jvm.dll+0x1e3f69]
V  [jvm.dll+0x24c6b3]
V  [jvm.dll+0x24bb40]
V  [jvm.dll+0x1cb34e]
V  [jvm.dll+0x25b85d]
V  [jvm.dll+0x259dea]
V  [jvm.dll+0x3f857e]
V  [jvm.dll+0x85f59d]
V  [jvm.dll+0x6d626d]
C  [ucrtbase.dll+0x37b0]
C  [KERNEL32.DLL+0x2e8d7]
C  [ntdll.dll+0x8c48c]


---------------  P R O C E S S  ---------------

Threads class SMR info:
_java_thread_list=0x000002cd5bc10cc0, length=28, elements={
0x000002cd7cb64ca0, 0x000002cd135e93e0, 0x000002cd135ee270, 0x000002cd135f2ab0,
0x000002cd135f5520, 0x000002cd135f9530, 0x000002cd135f6020, 0x000002cd55ad6f50,
0x000002cd55b2fd60, 0x000002cd55d33720, 0x000002cd55d4b8b0, 0x000002cd5b67dd40,
0x000002cd5b7e9f40, 0x000002cd5b7ea5d0, 0x000002cd5b7eac60, 0x000002cd5b7eb2f0,
0x000002cd5bba7fc0, 0x000002cd5bba6580, 0x000002cd5bba6c10, 0x000002cd5bba8650,
0x000002cd5bba8ce0, 0x000002cd5b1762b0, 0x000002cd5c233b90, 0x000002cd5bba5860,
0x000002cd5bba9a00, 0x000002cd5bba9370, 0x000002cd5bbac160, 0x000002cd5bbaadb0
}

Java Threads: ( => current thread )
  0x000002cd7cb64ca0 JavaThread "main"                              [_thread_blocked, id=78500, stack(0x000000ea91f00000,0x000000ea92000000) (1024K)]
  0x000002cd135e93e0 JavaThread "Reference Handler"          daemon [_thread_blocked, id=71496, stack(0x000000ea92300000,0x000000ea92400000) (1024K)]
  0x000002cd135ee270 JavaThread "Finalizer"                  daemon [_thread_blocked, id=40168, stack(0x000000ea92400000,0x000000ea92500000) (1024K)]
  0x000002cd135f2ab0 JavaThread "Signal Dispatcher"          daemon [_thread_blocked, id=53548, stack(0x000000ea92500000,0x000000ea92600000) (1024K)]
  0x000002cd135f5520 JavaThread "Attach Listener"            daemon [_thread_blocked, id=77564, stack(0x000000ea92600000,0x000000ea92700000) (1024K)]
  0x000002cd135f9530 JavaThread "Service Thread"             daemon [_thread_blocked, id=67252, stack(0x000000ea92700000,0x000000ea92800000) (1024K)]
  0x000002cd135f6020 JavaThread "Monitor Deflation Thread"   daemon [_thread_blocked, id=75504, stack(0x000000ea92800000,0x000000ea92900000) (1024K)]
=>0x000002cd55ad6f50 JavaThread "C2 CompilerThread0"         daemon [_thread_in_native, id=48160, stack(0x000000ea92900000,0x000000ea92a00000) (1024K)]
  0x000002cd55b2fd60 JavaThread "C1 CompilerThread0"         daemon [_thread_in_native, id=56336, stack(0x000000ea92a00000,0x000000ea92b00000) (1024K)]
  0x000002cd55d33720 JavaThread "Common-Cleaner"             daemon [_thread_blocked, id=87672, stack(0x000000ea92c00000,0x000000ea92d00000) (1024K)]
  0x000002cd55d4b8b0 JavaThread "Notification Thread"        daemon [_thread_blocked, id=56096, stack(0x000000ea92b00000,0x000000ea92c00000) (1024K)]
  0x000002cd5b67dd40 JavaThread "Active Thread: Equinox Container: 3f15eb25-85a0-4d1b-8fc2-f86f779b027c"        [_thread_blocked, id=84260, stack(0x000000ea93900000,0x000000ea93a00000) (1024K)]
  0x000002cd5b7e9f40 JavaThread "Framework Event Dispatcher: Equinox Container: 3f15eb25-85a0-4d1b-8fc2-f86f779b027c" daemon [_thread_blocked, id=90196, stack(0x000000ea93300000,0x000000ea93400000) (1024K)]
  0x000002cd5b7ea5d0 JavaThread "Start Level: Equinox Container: 3f15eb25-85a0-4d1b-8fc2-f86f779b027c" daemon [_thread_blocked, id=88112, stack(0x000000ea93400000,0x000000ea93500000) (1024K)]
  0x000002cd5b7eac60 JavaThread "Bundle File Closer"         daemon [_thread_blocked, id=65876, stack(0x000000ea93700000,0x000000ea93800000) (1024K)]
  0x000002cd5b7eb2f0 JavaThread "Refresh Thread: Equinox Container: 3f15eb25-85a0-4d1b-8fc2-f86f779b027c" daemon [_thread_blocked, id=41312, stack(0x000000ea93800000,0x000000ea93900000) (1024K)]
  0x000002cd5bba7fc0 JavaThread "SCR Component Actor"        daemon [_thread_blocked, id=91360, stack(0x000000ea93600000,0x000000ea93700000) (1024K)]
  0x000002cd5bba6580 JavaThread "Worker-JM"                         [_thread_blocked, id=71088, stack(0x000000ea93a00000,0x000000ea93b00000) (1024K)]
  0x000002cd5bba6c10 JavaThread "JNA Cleaner"                daemon [_thread_blocked, id=82840, stack(0x000000ea93c00000,0x000000ea93d00000) (1024K)]
  0x000002cd5bba8650 JavaThread "Worker-0: Repository registry initialization"        [_thread_blocked, id=91452, stack(0x000000ea91c00000,0x000000ea91d00000) (1024K)]
  0x000002cd5bba8ce0 JavaThread "Worker-1: Updating Maven Dependencies"        [_thread_in_native, id=71008, stack(0x000000ea93b00000,0x000000ea93c00000) (1024K)]
  0x000002cd5b1762b0 JavaThread "C2 CompilerThread1"         daemon [_thread_in_native, id=36916, stack(0x000000ea93d00000,0x000000ea93e00000) (1024K)]
  0x000002cd5c233b90 JavaThread "C2 CompilerThread2"         daemon [_thread_in_native, id=34560, stack(0x000000ea93e00000,0x000000ea93f00000) (1024K)]
  0x000002cd5bba5860 JavaThread "Worker-2: Loading available Gradle versions"        [_thread_in_native, id=10304, stack(0x000000ea93f00000,0x000000ea94000000) (1024K)]
  0x000002cd5bba9a00 JavaThread "Worker-3: Initialize After Load"        [_thread_in_Java, id=55052, stack(0x000000ea94000000,0x000000ea94100000) (1024K)]
  0x000002cd5bba9370 JavaThread "Java indexing"              daemon [_thread_blocked, id=73060, stack(0x000000ea94100000,0x000000ea94200000) (1024K)]
  0x000002cd5bbac160 JavaThread "Worker-4"                          [_thread_blocked, id=44048, stack(0x000000ea94300000,0x000000ea94400000) (1024K)]
  0x000002cd5bbaadb0 JavaThread "Worker-5"                          [_thread_blocked, id=73384, stack(0x000000ea94500000,0x000000ea94600000) (1024K)]
Total: 28

Other Threads:
  0x000002cd55ad0e40 VMThread "VM Thread"                           [id=47588, stack(0x000000ea92200000,0x000000ea92300000) (1024K)]
  0x000002cd134dca00 WatcherThread "VM Periodic Task Thread"        [id=91404, stack(0x000000ea92100000,0x000000ea92200000) (1024K)]
  0x000002cd7cb74de0 WorkerThread "GC Thread#0"                     [id=44860, stack(0x000000ea92000000,0x000000ea92100000) (1024K)]
  0x000002cd5b2f8f00 WorkerThread "GC Thread#1"                     [id=65484, stack(0x000000ea92d00000,0x000000ea92e00000) (1024K)]
  0x000002cd5b4db1a0 WorkerThread "GC Thread#2"                     [id=46560, stack(0x000000ea92e00000,0x000000ea92f00000) (1024K)]
  0x000002cd5b4db550 WorkerThread "GC Thread#3"                     [id=15236, stack(0x000000ea92f00000,0x000000ea93000000) (1024K)]
  0x000002cd5b2d0560 WorkerThread "GC Thread#4"                     [id=15696, stack(0x000000ea93000000,0x000000ea93100000) (1024K)]
  0x000002cd5b2d0910 WorkerThread "GC Thread#5"                     [id=58776, stack(0x000000ea93100000,0x000000ea93200000) (1024K)]
  0x000002cd5b2d0cc0 WorkerThread "GC Thread#6"                     [id=25804, stack(0x000000ea93200000,0x000000ea93300000) (1024K)]
  0x000002cd55c79ea0 WorkerThread "GC Thread#7"                     [id=43460, stack(0x000000ea93500000,0x000000ea93600000) (1024K)]
  0x000002cd5beeb5a0 WorkerThread "GC Thread#8"                     [id=84700, stack(0x000000ea94600000,0x000000ea94700000) (1024K)]
  0x000002cd55eac450 WorkerThread "GC Thread#9"                     [id=24512, stack(0x000000ea94700000,0x000000ea94800000) (1024K)]
Total: 12

Threads with active compile tasks:
C2 CompilerThread0  38770 4981   !   4       org.eclipse.osgi.internal.loader.classpath.ClasspathManager::findClassImpl (328 bytes)
C2 CompilerThread1  38770 5263       4       org.eclipse.core.internal.watson.ElementTreeIterator::requestPath (100 bytes)
C2 CompilerThread2  38771 5222       4       org.eclipse.osgi.internal.loader.BundleLoader::addExportedProvidersFor (167 bytes)
Total: 3

VM state: not at safepoint (normal execution)

VM Mutex/Monitor currently owned by a thread: None

Heap address: 0x0000000080000000, size: 2048 MB, Compressed Oops mode: 32-bit

CDS archive(s) mapped at: [0x000002cd14000000-0x000002cd14ba0000-0x000002cd14ba0000), size 12189696, SharedBaseAddress: 0x000002cd14000000, ArchiveRelocationMode: 1.
Compressed class space mapped at: 0x000002cd15000000-0x000002cd55000000, reserved size: 1073741824
Narrow klass base: 0x000002cd14000000, Narrow klass shift: 0, Narrow klass range: 0x100000000

GC Precious Log:
 CardTable entry size: 512
 CPUs: 12 total, 12 available
 Memory: 16052M
 Large Page Support: Disabled
 NUMA Support: Disabled
 Compressed Oops: Enabled (32-bit)
 Alignments: Space 512K, Generation 512K, Heap 2M
 Heap Min Capacity: 100M
 Heap Initial Capacity: 100M
 Heap Max Capacity: 2G
 Pre-touch: Disabled
 Parallel Workers: 10

Heap:
 PSYoungGen      total 24064K, used 20890K [0x00000000d5580000, 0x00000000d7100000, 0x0000000100000000)
  eden space 22016K, 87% used [0x00000000d5580000,0x00000000d6838af0,0x00000000d6b00000)
  from space 2048K, 83% used [0x00000000d6e00000,0x00000000d6fae0b0,0x00000000d7000000)
  to   space 1024K, 0% used [0x00000000d7000000,0x00000000d7000000,0x00000000d7100000)
 ParOldGen       total 68608K, used 19514K [0x0000000080000000, 0x0000000084300000, 0x00000000d5580000)
  object space 68608K, 28% used [0x0000000080000000,0x000000008130e9b8,0x0000000084300000)
 Metaspace       used 32873K, committed 33856K, reserved 1114112K
  class space    used 3255K, committed 3648K, reserved 1048576K

Card table byte_map: [0x000002cd7c4f0000,0x000002cd7c900000] _byte_map_base: 0x000002cd7c0f0000

Marking Bits: (ParMarkBitMap*) 0x00007ffe3bff3450
 Begin Bits: [0x000002cd0f000000, 0x000002cd11000000)
 End Bits:   [0x000002cd11000000, 0x000002cd13000000)

Polling page: 0x000002cd7a940000

Metaspace:

Usage:
  Non-class:     28.92 MB used.
      Class:      3.18 MB used.
       Both:     32.10 MB used.

Virtual space:
  Non-class space:       64.00 MB reserved,      29.50 MB ( 46%) committed,  1 nodes.
      Class space:        1.00 GB reserved,       3.56 MB ( <1%) committed,  1 nodes.
             Both:        1.06 GB reserved,      33.06 MB (  3%) committed. 

Chunk freelists:
   Non-Class:  2.19 MB
       Class:  12.31 MB
        Both:  14.50 MB

MaxMetaspaceSize: unlimited
CompressedClassSpaceSize: 1.00 GB
Initial GC threshold: 21.00 MB
Current GC threshold: 35.00 MB
CDS: on
 - commit_granule_bytes: 65536.
 - commit_granule_words: 8192.
 - virtual_space_node_default_size: 8388608.
 - enlarge_chunks_in_place: 1.
 - use_allocation_guard: 0.


Internal statistics:

num_allocs_failed_limit: 3.
num_arena_births: 742.
num_arena_deaths: 14.
num_vsnodes_births: 2.
num_vsnodes_deaths: 0.
num_space_committed: 529.
num_space_uncommitted: 0.
num_chunks_returned_to_freelist: 17.
num_chunks_taken_from_freelist: 2087.
num_chunk_merges: 7.
num_chunk_splits: 1331.
num_chunks_enlarged: 839.
num_inconsistent_stats: 0.

CodeHeap 'non-profiled nmethods': size=120000Kb used=3151Kb max_used=3151Kb free=116849Kb
 bounds [0x000002cd07ad0000, 0x000002cd07df0000, 0x000002cd0f000000]
CodeHeap 'profiled nmethods': size=120000Kb used=11255Kb max_used=11255Kb free=108744Kb
 bounds [0x000002cd00000000, 0x000002cd00b00000, 0x000002cd07530000]
CodeHeap 'non-nmethods': size=5760Kb used=1346Kb max_used=1373Kb free=4414Kb
 bounds [0x000002cd07530000, 0x000002cd077a0000, 0x000002cd07ad0000]
CodeCache: size=245760Kb, used=15752Kb, max_used=15779Kb, free=230007Kb
 total_blobs=5900, nmethods=5258, adapters=548, full_count=0
Compilation: enabled, stopped_count=0, restarted_count=0

Compilation events (20 events):
Event: 37.736 Thread 0x000002cd55b2fd60 nmethod 5223 0x000002cd00aebe10 code [0x000002cd00aebfc0, 0x000002cd00aec148]
Event: 37.736 Thread 0x000002cd55b2fd60 5224       3       java.util.Formatter$FixedString::print (23 bytes)
Event: 37.737 Thread 0x000002cd5b1762b0 nmethod 5218 0x000002cd07de0490 code [0x000002cd07de06c0, 0x000002cd07de0ca8]
Event: 37.737 Thread 0x000002cd55b2fd60 nmethod 5224 0x000002cd00aec210 code [0x000002cd00aec3c0, 0x000002cd00aec5a8]
Event: 37.737 Thread 0x000002cd55b2fd60 5225       3       java.lang.StringBuilder::append (8 bytes)
Event: 37.737 Thread 0x000002cd55b2fd60 nmethod 5225 0x000002cd00aec690 code [0x000002cd00aec840, 0x000002cd00aec9f0]
Event: 38.016 Thread 0x000002cd55b2fd60 5226       3       java.util.concurrent.ScheduledThreadPoolExecutor$ScheduledFutureTask::compareTo (9 bytes)
Event: 38.016 Thread 0x000002cd55b2fd60 nmethod 5226 0x000002cd00aecb10 code [0x000002cd00aeccc0, 0x000002cd00aecf20]
Event: 38.016 Thread 0x000002cd55b2fd60 5227       3       java.util.concurrent.ScheduledThreadPoolExecutor$ScheduledFutureTask::compareTo (101 bytes)
Event: 38.017 Thread 0x000002cd55b2fd60 nmethod 5227 0x000002cd00aed010 code [0x000002cd00aed240, 0x000002cd00aed958]
Event: 38.030 Thread 0x000002cd55b2fd60 5228       3       java.util.concurrent.ScheduledThreadPoolExecutor$DelayedWorkQueue::setIndex (16 bytes)
Event: 38.030 Thread 0x000002cd55b2fd60 nmethod 5228 0x000002cd00aedb10 code [0x000002cd00aedcc0, 0x000002cd00aedfc8]
Event: 38.064 Thread 0x000002cd55b2fd60 5229       3       java.util.concurrent.ThreadPoolExecutor$Worker::unlock (7 bytes)
Event: 38.064 Thread 0x000002cd55b2fd60 nmethod 5229 0x000002cd00aee090 code [0x000002cd00aee260, 0x000002cd00aee4b8]
Event: 38.064 Thread 0x000002cd55b2fd60 5230       3       java.util.concurrent.ThreadPoolExecutor$Worker::tryRelease (12 bytes)
Event: 38.064 Thread 0x000002cd55b2fd60 nmethod 5230 0x000002cd00aee610 code [0x000002cd00aee7a0, 0x000002cd00aee908]
Event: 38.072 Thread 0x000002cd55b2fd60 5231       3       org.apache.felix.scr.impl.logger.ScrLogManager$ScrLoggerFacade::log (16 bytes)
Event: 38.073 Thread 0x000002cd55b2fd60 nmethod 5231 0x000002cd00aee990 code [0x000002cd00aeeb60, 0x000002cd00aeed60]
Event: 38.075 Thread 0x000002cd55b2fd60 5232   !   3       java.util.concurrent.ThreadPoolExecutor::getTask (177 bytes)
Event: 38.738 Thread 0x000002cd55b2fd60 nmethod 5232 0x000002cd00aeee90 code [0x000002cd00aef140, 0x000002cd00aeff70]

GC Heap History (20 events):
Event: 32.436 GC heap before
{Heap before GC invocations=5 (full 0):
 PSYoungGen      total 29696K, used 29690K [0x00000000d5580000, 0x00000000d7680000, 0x0000000100000000)
  eden space 25600K, 100% used [0x00000000d5580000,0x00000000d6e80000,0x00000000d6e80000)
  from space 4096K, 99% used [0x00000000d7280000,0x00000000d767e890,0x00000000d7680000)
  to   space 4096K, 0% used [0x00000000d6e80000,0x00000000d6e80000,0x00000000d7280000)
 ParOldGen       total 68608K, used 5497K [0x0000000080000000, 0x0000000084300000, 0x00000000d5580000)
  object space 68608K, 8% used [0x0000000080000000,0x000000008055e758,0x0000000084300000)
 Metaspace       used 10485K, committed 10816K, reserved 1114112K
  class space    used 1076K, committed 1216K, reserved 1048576K
}
Event: 32.439 GC heap after
{Heap after GC invocations=5 (full 0):
 PSYoungGen      total 29184K, used 4065K [0x00000000d5580000, 0x00000000d7800000, 0x0000000100000000)
  eden space 25088K, 0% used [0x00000000d5580000,0x00000000d5580000,0x00000000d6e00000)
  from space 4096K, 99% used [0x00000000d6e80000,0x00000000d72787a0,0x00000000d7280000)
  to   space 5120K, 0% used [0x00000000d7300000,0x00000000d7300000,0x00000000d7800000)
 ParOldGen       total 68608K, used 5833K [0x0000000080000000, 0x0000000084300000, 0x00000000d5580000)
  object space 68608K, 8% used [0x0000000080000000,0x00000000805b2698,0x0000000084300000)
 Metaspace       used 10485K, committed 10816K, reserved 1114112K
  class space    used 1076K, committed 1216K, reserved 1048576K
}
Event: 33.146 GC heap before
{Heap before GC invocations=6 (full 0):
 PSYoungGen      total 29184K, used 29153K [0x00000000d5580000, 0x00000000d7800000, 0x0000000100000000)
  eden space 25088K, 100% used [0x00000000d5580000,0x00000000d6e00000,0x00000000d6e00000)
  from space 4096K, 99% used [0x00000000d6e80000,0x00000000d72787a0,0x00000000d7280000)
  to   space 5120K, 0% used [0x00000000d7300000,0x00000000d7300000,0x00000000d7800000)
 ParOldGen       total 68608K, used 5833K [0x0000000080000000, 0x0000000084300000, 0x00000000d5580000)
  object space 68608K, 8% used [0x0000000080000000,0x00000000805b2698,0x0000000084300000)
 Metaspace       used 14048K, committed 14528K, reserved 1114112K
  class space    used 1434K, committed 1664K, reserved 1048576K
}
Event: 33.150 GC heap after
{Heap after GC invocations=6 (full 0):
 PSYoungGen      total 29184K, used 5097K [0x00000000d5580000, 0x00000000d7980000, 0x0000000100000000)
  eden space 24064K, 0% used [0x00000000d5580000,0x00000000d5580000,0x00000000d6d00000)
  from space 5120K, 99% used [0x00000000d7300000,0x00000000d77fa430,0x00000000d7800000)
  to   space 6144K, 0% used [0x00000000d6d00000,0x00000000d6d00000,0x00000000d7300000)
 ParOldGen       total 68608K, used 6433K [0x0000000080000000, 0x0000000084300000, 0x00000000d5580000)
  object space 68608K, 9% used [0x0000000080000000,0x00000000806486a8,0x0000000084300000)
 Metaspace       used 14048K, committed 14528K, reserved 1114112K
  class space    used 1434K, committed 1664K, reserved 1048576K
}
Event: 34.068 GC heap before
{Heap before GC invocations=7 (full 0):
 PSYoungGen      total 29184K, used 29161K [0x00000000d5580000, 0x00000000d7980000, 0x0000000100000000)
  eden space 24064K, 100% used [0x00000000d5580000,0x00000000d6d00000,0x00000000d6d00000)
  from space 5120K, 99% used [0x00000000d7300000,0x00000000d77fa430,0x00000000d7800000)
  to   space 6144K, 0% used [0x00000000d6d00000,0x00000000d6d00000,0x00000000d7300000)
 ParOldGen       total 68608K, used 6433K [0x0000000080000000, 0x0000000084300000, 0x00000000d5580000)
  object space 68608K, 9% used [0x0000000080000000,0x00000000806486a8,0x0000000084300000)
 Metaspace       used 16934K, committed 17600K, reserved 1114112K
  class space    used 1712K, committed 1984K, reserved 1048576K
}
Event: 34.072 GC heap after
{Heap after GC invocations=7 (full 0):
 PSYoungGen      total 29696K, used 6122K [0x00000000d5580000, 0x00000000d8180000, 0x0000000100000000)
  eden space 23552K, 0% used [0x00000000d5580000,0x00000000d5580000,0x00000000d6c80000)
  from space 6144K, 99% used [0x00000000d6d00000,0x00000000d72fa988,0x00000000d7300000)
  to   space 10752K, 0% used [0x00000000d7700000,0x00000000d7700000,0x00000000d8180000)
 ParOldGen       total 68608K, used 9949K [0x0000000080000000, 0x0000000084300000, 0x00000000d5580000)
  object space 68608K, 14% used [0x0000000080000000,0x00000000809b7688,0x0000000084300000)
 Metaspace       used 16934K, committed 17600K, reserved 1114112K
  class space    used 1712K, committed 1984K, reserved 1048576K
}
Event: 35.596 GC heap before
{Heap before GC invocations=8 (full 0):
 PSYoungGen      total 29696K, used 29674K [0x00000000d5580000, 0x00000000d8180000, 0x0000000100000000)
  eden space 23552K, 100% used [0x00000000d5580000,0x00000000d6c80000,0x00000000d6c80000)
  from space 6144K, 99% used [0x00000000d6d00000,0x00000000d72fa988,0x00000000d7300000)
  to   space 10752K, 0% used [0x00000000d7700000,0x00000000d7700000,0x00000000d8180000)
 ParOldGen       total 68608K, used 9949K [0x0000000080000000, 0x0000000084300000, 0x00000000d5580000)
  object space 68608K, 14% used [0x0000000080000000,0x00000000809b7688,0x0000000084300000)
 Metaspace       used 19520K, committed 20352K, reserved 1114112K
  class space    used 1991K, committed 2368K, reserved 1048576K
}
Event: 35.600 GC heap after
{Heap after GC invocations=8 (full 0):
 PSYoungGen      total 29696K, used 6635K [0x00000000d5580000, 0x00000000d7d80000, 0x0000000100000000)
  eden space 23040K, 0% used [0x00000000d5580000,0x00000000d5580000,0x00000000d6c00000)
  from space 6656K, 99% used [0x00000000d7700000,0x00000000d7d7ae60,0x00000000d7d80000)
  to   space 8192K, 0% used [0x00000000d6d80000,0x00000000d6d80000,0x00000000d7580000)
 ParOldGen       total 68608K, used 10644K [0x0000000080000000, 0x0000000084300000, 0x00000000d5580000)
  object space 68608K, 15% used [0x0000000080000000,0x0000000080a65100,0x0000000084300000)
 Metaspace       used 19520K, committed 20352K, reserved 1114112K
  class space    used 1991K, committed 2368K, reserved 1048576K
}
Event: 35.869 GC heap before
{Heap before GC invocations=9 (full 0):
 PSYoungGen      total 29696K, used 20793K [0x00000000d5580000, 0x00000000d7d80000, 0x0000000100000000)
  eden space 23040K, 61% used [0x00000000d5580000,0x00000000d6353620,0x00000000d6c00000)
  from space 6656K, 99% used [0x00000000d7700000,0x00000000d7d7ae60,0x00000000d7d80000)
  to   space 8192K, 0% used [0x00000000d6d80000,0x00000000d6d80000,0x00000000d7580000)
 ParOldGen       total 68608K, used 10644K [0x0000000080000000, 0x0000000084300000, 0x00000000d5580000)
  object space 68608K, 15% used [0x0000000080000000,0x0000000080a65100,0x0000000084300000)
 Metaspace       used 20637K, committed 21504K, reserved 1114112K
  class space    used 2115K, committed 2496K, reserved 1048576K
}
Event: 35.873 GC heap after
{Heap after GC invocations=9 (full 0):
 PSYoungGen      total 28160K, used 5119K [0x00000000d5580000, 0x00000000d7800000, 0x0000000100000000)
  eden space 23040K, 0% used [0x00000000d5580000,0x00000000d5580000,0x00000000d6c00000)
  from space 5120K, 99% used [0x00000000d6d80000,0x00000000d727ff48,0x00000000d7280000)
  to   space 5632K, 0% used [0x00000000d7280000,0x00000000d7280000,0x00000000d7800000)
 ParOldGen       total 68608K, used 12330K [0x0000000080000000, 0x0000000084300000, 0x00000000d5580000)
  object space 68608K, 17% used [0x0000000080000000,0x0000000080c0ab50,0x0000000084300000)
 Metaspace       used 20637K, committed 21504K, reserved 1114112K
  class space    used 2115K, committed 2496K, reserved 1048576K
}
Event: 35.873 GC heap before
{Heap before GC invocations=10 (full 1):
 PSYoungGen      total 28160K, used 5119K [0x00000000d5580000, 0x00000000d7800000, 0x0000000100000000)
  eden space 23040K, 0% used [0x00000000d5580000,0x00000000d5580000,0x00000000d6c00000)
  from space 5120K, 99% used [0x00000000d6d80000,0x00000000d727ff48,0x00000000d7280000)
  to   space 5632K, 0% used [0x00000000d7280000,0x00000000d7280000,0x00000000d7800000)
 ParOldGen       total 68608K, used 12330K [0x0000000080000000, 0x0000000084300000, 0x00000000d5580000)
  object space 68608K, 17% used [0x0000000080000000,0x0000000080c0ab50,0x0000000084300000)
 Metaspace       used 20637K, committed 21504K, reserved 1114112K
  class space    used 2115K, committed 2496K, reserved 1048576K
}
Event: 35.909 GC heap after
{Heap after GC invocations=10 (full 1):
 PSYoungGen      total 28160K, used 0K [0x00000000d5580000, 0x00000000d7800000, 0x0000000100000000)
  eden space 23040K, 0% used [0x00000000d5580000,0x00000000d5580000,0x00000000d6c00000)
  from space 5120K, 0% used [0x00000000d6d80000,0x00000000d6d80000,0x00000000d7280000)
  to   space 5632K, 0% used [0x00000000d7280000,0x00000000d7280000,0x00000000d7800000)
 ParOldGen       total 68608K, used 16689K [0x0000000080000000, 0x0000000084300000, 0x00000000d5580000)
  object space 68608K, 24% used [0x0000000080000000,0x000000008104c610,0x0000000084300000)
 Metaspace       used 20625K, committed 21504K, reserved 1114112K
  class space    used 2111K, committed 2496K, reserved 1048576K
}
Event: 36.271 GC heap before
{Heap before GC invocations=11 (full 1):
 PSYoungGen      total 28160K, used 23040K [0x00000000d5580000, 0x00000000d7800000, 0x0000000100000000)
  eden space 23040K, 100% used [0x00000000d5580000,0x00000000d6c00000,0x00000000d6c00000)
  from space 5120K, 0% used [0x00000000d6d80000,0x00000000d6d80000,0x00000000d7280000)
  to   space 5632K, 0% used [0x00000000d7280000,0x00000000d7280000,0x00000000d7800000)
 ParOldGen       total 68608K, used 16689K [0x0000000080000000, 0x0000000084300000, 0x00000000d5580000)
  object space 68608K, 24% used [0x0000000080000000,0x000000008104c610,0x0000000084300000)
 Metaspace       used 22861K, committed 23744K, reserved 1114112K
  class space    used 2324K, committed 2688K, reserved 1048576K
}
Event: 36.274 GC heap after
{Heap after GC invocations=11 (full 1):
 PSYoungGen      total 25088K, used 2060K [0x00000000d5580000, 0x00000000d7500000, 0x0000000100000000)
  eden space 22528K, 0% used [0x00000000d5580000,0x00000000d5580000,0x00000000d6b80000)
  from space 2560K, 80% used [0x00000000d7280000,0x00000000d74831f0,0x00000000d7500000)
  to   space 3584K, 0% used [0x00000000d6e00000,0x00000000d6e00000,0x00000000d7180000)
 ParOldGen       total 68608K, used 16697K [0x0000000080000000, 0x0000000084300000, 0x00000000d5580000)
  object space 68608K, 24% used [0x0000000080000000,0x000000008104e610,0x0000000084300000)
 Metaspace       used 22861K, committed 23744K, reserved 1114112K
  class space    used 2324K, committed 2688K, reserved 1048576K
}
Event: 36.591 GC heap before
{Heap before GC invocations=12 (full 1):
 PSYoungGen      total 25088K, used 24454K [0x00000000d5580000, 0x00000000d7500000, 0x0000000100000000)
  eden space 22528K, 99% used [0x00000000d5580000,0x00000000d6b5e638,0x00000000d6b80000)
  from space 2560K, 80% used [0x00000000d7280000,0x00000000d74831f0,0x00000000d7500000)
  to   space 3584K, 0% used [0x00000000d6e00000,0x00000000d6e00000,0x00000000d7180000)
 ParOldGen       total 68608K, used 16697K [0x0000000080000000, 0x0000000084300000, 0x00000000d5580000)
  object space 68608K, 24% used [0x0000000080000000,0x000000008104e610,0x0000000084300000)
 Metaspace       used 26160K, committed 27008K, reserved 1114112K
  class space    used 2569K, committed 2944K, reserved 1048576K
}
Event: 36.592 GC heap after
{Heap after GC invocations=12 (full 1):
 PSYoungGen      total 24576K, used 2106K [0x00000000d5580000, 0x00000000d7300000, 0x0000000100000000)
  eden space 22016K, 0% used [0x00000000d5580000,0x00000000d5580000,0x00000000d6b00000)
  from space 2560K, 82% used [0x00000000d6e00000,0x00000000d700e9d0,0x00000000d7080000)
  to   space 2560K, 0% used [0x00000000d7080000,0x00000000d7080000,0x00000000d7300000)
 ParOldGen       total 68608K, used 17485K [0x0000000080000000, 0x0000000084300000, 0x00000000d5580000)
  object space 68608K, 25% used [0x0000000080000000,0x00000000811135e0,0x0000000084300000)
 Metaspace       used 26160K, committed 27008K, reserved 1114112K
  class space    used 2569K, committed 2944K, reserved 1048576K
}
Event: 36.904 GC heap before
{Heap before GC invocations=13 (full 1):
 PSYoungGen      total 24576K, used 24122K [0x00000000d5580000, 0x00000000d7300000, 0x0000000100000000)
  eden space 22016K, 100% used [0x00000000d5580000,0x00000000d6b00000,0x00000000d6b00000)
  from space 2560K, 82% used [0x00000000d6e00000,0x00000000d700e9d0,0x00000000d7080000)
  to   space 2560K, 0% used [0x00000000d7080000,0x00000000d7080000,0x00000000d7300000)
 ParOldGen       total 68608K, used 17485K [0x0000000080000000, 0x0000000084300000, 0x00000000d5580000)
  object space 68608K, 25% used [0x0000000080000000,0x00000000811135e0,0x0000000084300000)
 Metaspace       used 27571K, committed 28416K, reserved 1114112K
  class space    used 2655K, committed 3008K, reserved 1048576K
}
Event: 36.906 GC heap after
{Heap after GC invocations=13 (full 1):
 PSYoungGen      total 24576K, used 2334K [0x00000000d5580000, 0x00000000d7300000, 0x0000000100000000)
  eden space 22016K, 0% used [0x00000000d5580000,0x00000000d5580000,0x00000000d6b00000)
  from space 2560K, 91% used [0x00000000d7080000,0x00000000d72c7888,0x00000000d7300000)
  to   space 2560K, 0% used [0x00000000d6e00000,0x00000000d6e00000,0x00000000d7080000)
 ParOldGen       total 68608K, used 17657K [0x0000000080000000, 0x0000000084300000, 0x00000000d5580000)
  object space 68608K, 25% used [0x0000000080000000,0x000000008113e6c8,0x0000000084300000)
 Metaspace       used 27571K, committed 28416K, reserved 1114112K
  class space    used 2655K, committed 3008K, reserved 1048576K
}
Event: 37.582 GC heap before
{Heap before GC invocations=14 (full 1):
 PSYoungGen      total 24576K, used 24350K [0x00000000d5580000, 0x00000000d7300000, 0x0000000100000000)
  eden space 22016K, 100% used [0x00000000d5580000,0x00000000d6b00000,0x00000000d6b00000)
  from space 2560K, 91% used [0x00000000d7080000,0x00000000d72c7888,0x00000000d7300000)
  to   space 2560K, 0% used [0x00000000d6e00000,0x00000000d6e00000,0x00000000d7080000)
 ParOldGen       total 68608K, used 17657K [0x0000000080000000, 0x0000000084300000, 0x00000000d5580000)
  object space 68608K, 25% used [0x0000000080000000,0x000000008113e6c8,0x0000000084300000)
 Metaspace       used 30903K, committed 31936K, reserved 1114112K
  class space    used 2999K, committed 3456K, reserved 1048576K
}
Event: 37.585 GC heap after
{Heap after GC invocations=14 (full 1):
 PSYoungGen      total 24064K, used 1720K [0x00000000d5580000, 0x00000000d7100000, 0x0000000100000000)
  eden space 22016K, 0% used [0x00000000d5580000,0x00000000d5580000,0x00000000d6b00000)
  from space 2048K, 83% used [0x00000000d6e00000,0x00000000d6fae0b0,0x00000000d7000000)
  to   space 1024K, 0% used [0x00000000d7000000,0x00000000d7000000,0x00000000d7100000)
 ParOldGen       total 68608K, used 19514K [0x0000000080000000, 0x0000000084300000, 0x00000000d5580000)
  object space 68608K, 28% used [0x0000000080000000,0x000000008130e9b8,0x0000000084300000)
 Metaspace       used 30903K, committed 31936K, reserved 1114112K
  class space    used 2999K, committed 3456K, reserved 1048576K
}

Dll operation events (10 events):
Event: 0.203 Loaded shared library c:\Users\jayes\.vscode\extensions\redhat.java-1.53.0-win32-x64\jre\21.0.10-win32-x86_64\bin\java.dll
Event: 0.523 Loaded shared library c:\Users\jayes\.vscode\extensions\redhat.java-1.53.0-win32-x64\jre\21.0.10-win32-x86_64\bin\zip.dll
Event: 0.563 Loaded shared library C:\Users\jayes\.vscode\extensions\redhat.java-1.53.0-win32-x64\jre\21.0.10-win32-x86_64\bin\instrument.dll
Event: 0.676 Loaded shared library C:\Users\jayes\.vscode\extensions\redhat.java-1.53.0-win32-x64\jre\21.0.10-win32-x86_64\bin\net.dll
Event: 0.750 Loaded shared library C:\Users\jayes\.vscode\extensions\redhat.java-1.53.0-win32-x64\jre\21.0.10-win32-x86_64\bin\nio.dll
Event: 0.788 Loaded shared library C:\Users\jayes\.vscode\extensions\redhat.java-1.53.0-win32-x64\jre\21.0.10-win32-x86_64\bin\zip.dll
Event: 0.819 Loaded shared library C:\Users\jayes\.vscode\extensions\redhat.java-1.53.0-win32-x64\jre\21.0.10-win32-x86_64\bin\jimage.dll
Event: 1.148 Loaded shared library c:\Users\jayes\.vscode\extensions\redhat.java-1.53.0-win32-x64\jre\21.0.10-win32-x86_64\bin\verify.dll
Event: 22.095 Loaded shared library C:\Users\jayes\AppData\Roaming\Code\User\globalStorage\redhat.java\1.53.0\config_win\org.eclipse.equinox.launcher\org.eclipse.equinox.launcher.win32.win32.x86_64_1.3.0.v20260203-2149\eclipse_11919.dll
Event: 34.684 Loaded shared library C:\Users\jayes\AppData\Local\Temp\jna-100902480\jna10498227998168709961.dll

Deoptimization events (20 events):
Event: 37.556 Thread 0x000002cd5b7ea5d0 Uncommon trap: trap_request=0xffffff45 fr.pc=0x000002cd07b0348c relative=0x00000000000000ec
Event: 37.556 Thread 0x000002cd5b7ea5d0 Uncommon trap: reason=unstable_if action=reinterpret pc=0x000002cd07b0348c method=java.lang.String.getBytes([BIB)V @ 5 c2
Event: 37.556 Thread 0x000002cd5b7ea5d0 DEOPT PACKING pc=0x000002cd07b0348c sp=0x000000ea934fe0d0
Event: 37.556 Thread 0x000002cd5b7ea5d0 DEOPT UNPACKING pc=0x000002cd07583aa2 sp=0x000000ea934fe078 mode 2
Event: 37.591 Thread 0x000002cd5b7ea5d0 Uncommon trap: trap_request=0xffffff45 fr.pc=0x000002cd07b3e644 relative=0x0000000000000124
Event: 37.591 Thread 0x000002cd5b7ea5d0 Uncommon trap: reason=unstable_if action=reinterpret pc=0x000002cd07b3e644 method=jdk.internal.org.objectweb.asm.SymbolTable.put(Ljdk/internal/org/objectweb/asm/SymbolTable$Entry;)Ljdk/internal/org/objectweb/asm/SymbolTable$Entry; @ 13 c2
Event: 37.592 Thread 0x000002cd5b7ea5d0 DEOPT PACKING pc=0x000002cd07b3e644 sp=0x000000ea934fbec0
Event: 37.592 Thread 0x000002cd5b7ea5d0 DEOPT UNPACKING pc=0x000002cd07583aa2 sp=0x000000ea934fbe20 mode 2
Event: 37.610 Thread 0x000002cd5b7ea5d0 Uncommon trap: trap_request=0xffffff45 fr.pc=0x000002cd07c56e68 relative=0x0000000000000388
Event: 37.610 Thread 0x000002cd5b7ea5d0 Uncommon trap: reason=unstable_if action=reinterpret pc=0x000002cd07c56e68 method=java.lang.Integer.parseInt(Ljava/lang/String;I)I @ 119 c2
Event: 37.610 Thread 0x000002cd5b7ea5d0 DEOPT PACKING pc=0x000002cd07c56e68 sp=0x000000ea934fcd30
Event: 37.610 Thread 0x000002cd5b7ea5d0 DEOPT UNPACKING pc=0x000002cd07583aa2 sp=0x000000ea934fcc98 mode 2
Event: 37.701 Thread 0x000002cd5bba9a00 Uncommon trap: trap_request=0xffffff45 fr.pc=0x000002cd07d7e720 relative=0x0000000000000520
Event: 37.701 Thread 0x000002cd5bba9a00 Uncommon trap: reason=unstable_if action=reinterpret pc=0x000002cd07d7e720 method=java.util.WeakHashMap.remove(Ljava/lang/Object;)Ljava/lang/Object; @ 92 c2
Event: 37.701 Thread 0x000002cd5bba9a00 DEOPT PACKING pc=0x000002cd07d7e720 sp=0x000000ea940fa350
Event: 37.701 Thread 0x000002cd5bba9a00 DEOPT UNPACKING pc=0x000002cd07583aa2 sp=0x000000ea940fa288 mode 2
Event: 37.725 Thread 0x000002cd7cb64ca0 Uncommon trap: trap_request=0xffffff45 fr.pc=0x000002cd07db4984 relative=0x0000000000001cc4
Event: 37.725 Thread 0x000002cd7cb64ca0 Uncommon trap: reason=unstable_if action=reinterpret pc=0x000002cd07db4984 method=java.util.Properties.loadConvert([CIILjava/lang/StringBuilder;)Ljava/lang/String; @ 477 c2
Event: 37.725 Thread 0x000002cd7cb64ca0 DEOPT PACKING pc=0x000002cd07db4984 sp=0x000000ea91ff9c30
Event: 37.725 Thread 0x000002cd7cb64ca0 DEOPT UNPACKING pc=0x000002cd07583aa2 sp=0x000000ea91ff9c30 mode 2

Classes loaded (20 events):
Event: 37.619 Loading class java/security/spec/InvalidKeySpecException done
Event: 37.619 Loading class javax/crypto/NoSuchPaddingException
Event: 37.620 Loading class javax/crypto/NoSuchPaddingException done
Event: 37.620 Loading class java/security/spec/InvalidParameterSpecException
Event: 37.620 Loading class java/security/spec/InvalidParameterSpecException done
Event: 37.620 Loading class javax/crypto/spec/PBEKeySpec
Event: 37.621 Loading class javax/crypto/spec/PBEKeySpec done
Event: 37.628 Loading class jdk/internal/reflect/MethodHandleBooleanFieldAccessorImpl
Event: 37.628 Loading class jdk/internal/reflect/MethodHandleBooleanFieldAccessorImpl done
Event: 37.657 Loading class java/io/FilterReader
Event: 37.657 Loading class java/io/FilterReader done
Event: 37.665 Loading class java/util/concurrent/Executors$DefaultThreadFactory
Event: 37.665 Loading class java/util/concurrent/Executors$DefaultThreadFactory done
Event: 37.686 Loading class javax/xml/parsers/FactoryConfigurationError
Event: 37.687 Loading class javax/xml/parsers/FactoryConfigurationError done
Event: 37.738 Loading class sun/net/www/protocol/https/Handler
Event: 37.738 Loading class sun/net/www/protocol/http/Handler
Event: 37.738 Loading class sun/net/www/protocol/http/Handler done
Event: 37.738 Loading class sun/net/www/protocol/https/Handler done
Event: 37.739 Loading class sun/net/www/protocol/https/HttpsURLConnectionImpl

Classes unloaded (7 events):
Event: 35.879 Thread 0x000002cd55ad0e40 Unloading class 0x000002cd151b3000 'java/lang/invoke/LambdaForm$MH+0x000002cd151b3000'
Event: 35.879 Thread 0x000002cd55ad0e40 Unloading class 0x000002cd151b2c00 'java/lang/invoke/LambdaForm$MH+0x000002cd151b2c00'
Event: 35.879 Thread 0x000002cd55ad0e40 Unloading class 0x000002cd151b2800 'java/lang/invoke/LambdaForm$MH+0x000002cd151b2800'
Event: 35.879 Thread 0x000002cd55ad0e40 Unloading class 0x000002cd151b2400 'java/lang/invoke/LambdaForm$MH+0x000002cd151b2400'
Event: 35.879 Thread 0x000002cd55ad0e40 Unloading class 0x000002cd151b2000 'java/lang/invoke/LambdaForm$BMH+0x000002cd151b2000'
Event: 35.879 Thread 0x000002cd55ad0e40 Unloading class 0x000002cd151b1c00 'java/lang/invoke/LambdaForm$DMH+0x000002cd151b1c00'
Event: 35.879 Thread 0x000002cd55ad0e40 Unloading class 0x000002cd151b0800 'java/lang/invoke/LambdaForm$DMH+0x000002cd151b0800'

Classes redefined (0 events):
No events

Internal exceptions (20 events):
Event: 37.119 Thread 0x000002cd5bba8650 Exception <a 'java/lang/NoSuchMethodError'{0x00000000d5b7b158}: 'int java.lang.invoke.DirectMethodHandle$Holder.invokeStaticInit(java.lang.Object, int, int)'> (0x00000000d5b7b158) 
thrown [s\src\hotspot\share\interpreter\linkResolver.cpp, line 773]
Event: 37.120 Thread 0x000002cd5bba8650 Exception <a 'java/lang/NoSuchMethodError'{0x00000000d5bea9d0}: 'int java.lang.invoke.DirectMethodHandle$Holder.invokeStaticInit(java.lang.Object, long, long)'> (0x00000000d5bea9d0) 
thrown [s\src\hotspot\share\interpreter\linkResolver.cpp, line 773]
Event: 37.122 Thread 0x000002cd5bba8650 Exception <a 'java/lang/NoSuchMethodError'{0x00000000d5bf1400}: 'int java.lang.invoke.DirectMethodHandle$Holder.invokeStaticInit(java.lang.Object, float, float)'> (0x00000000d5bf1400) 
thrown [s\src\hotspot\share\interpreter\linkResolver.cpp, line 773]
Event: 37.122 Thread 0x000002cd5bba8650 Exception <a 'java/lang/NoSuchMethodError'{0x00000000d5bfcc38}: 'int java.lang.invoke.DirectMethodHandle$Holder.invokeStaticInit(java.lang.Object, double, double)'> (0x00000000d5bfcc38) 
thrown [s\src\hotspot\share\interpreter\linkResolver.cpp, line 773]
Event: 37.123 Thread 0x000002cd5bba8650 Exception <a 'java/lang/NoSuchMethodError'{0x00000000d5c00f28}: 'int java.lang.invoke.DirectMethodHandle$Holder.invokeStatic(java.lang.Object, long)'> (0x00000000d5c00f28) 
thrown [s\src\hotspot\share\interpreter\linkResolver.cpp, line 773]
Event: 37.126 Thread 0x000002cd5bba8ce0 Exception <a 'java/lang/NoSuchMethodError'{0x00000000d5c14210}: 'int java.lang.invoke.DirectMethodHandle$Holder.invokeSpecial(java.lang.Object, java.lang.Object, int, int)'> (0x00000000d5c14210) 
thrown [s\src\hotspot\share\interpreter\linkResolver.cpp, line 773]
Event: 37.130 Thread 0x000002cd5bba8ce0 Exception <a 'java/lang/NoSuchMethodError'{0x00000000d5c22260}: 'int java.lang.invoke.Invokers$Holder.linkToTargetMethod(java.lang.Object, java.lang.Object)'> (0x00000000d5c22260) 
thrown [s\src\hotspot\share\interpreter\linkResolver.cpp, line 773]
Event: 37.146 Thread 0x000002cd5bba8650 Exception <a 'java/lang/NoSuchMethodError'{0x00000000d5ccf330}: 'int java.lang.invoke.DirectMethodHandle$Holder.invokeSpecial(java.lang.Object, java.lang.Object, java.lang.Object, java.lang.Object)'> (0x00000000d5ccf330) 
thrown [s\src\hotspot\share\interpreter\linkResolver.cpp, line 773]
Event: 37.156 Thread 0x000002cd5bba8650 Exception <a 'java/lang/NoSuchMethodError'{0x00000000d5cf8ea8}: 'java.lang.Object java.lang.invoke.DirectMethodHandle$Holder.invokeStatic(java.lang.Object, int, java.lang.Object, java.lang.Object)'> (0x00000000d5cf8ea8) 
thrown [s\src\hotspot\share\interpreter\linkResolver.cpp, line 773]
Event: 37.157 Thread 0x000002cd5bba8650 Exception <a 'java/lang/NoSuchMethodError'{0x00000000d5cfc900}: 'java.lang.Object java.lang.invoke.DelegatingMethodHandle$Holder.delegate(java.lang.Object, int, java.lang.Object, java.lang.Object)'> (0x00000000d5cfc900) 
thrown [s\src\hotspot\share\interpreter\linkResolver.cpp, line 773]
Event: 37.158 Thread 0x000002cd5bba8650 Implicit null exception at 0x000002cd07d977f6 to 0x000002cd07d97b18
Event: 37.162 Thread 0x000002cd5bba8650 Exception <a 'java/lang/NoSuchMethodError'{0x00000000d5d2e098}: 'int java.lang.invoke.Invokers$Holder.linkToTargetMethod(java.lang.Object, java.lang.Object, java.lang.Object)'> (0x00000000d5d2e098) 
thrown [s\src\hotspot\share\interpreter\linkResolver.cpp, line 773]
Event: 37.307 Thread 0x000002cd5b7ea5d0 Exception <a 'sun/nio/fs/WindowsException'{0x00000000d634afe8}> (0x00000000d634afe8) 
thrown [s\src\hotspot\share\prims\jni.cpp, line 520]
Event: 37.405 Thread 0x000002cd5b7ea5d0 Exception <a 'java/lang/ClassNotFoundException'{0x00000000d656ce00}: com/sun/org/apache/xml/internal/serializer/spi/XMLEntitiesProvider> (0x00000000d656ce00) 
thrown [s\src\hotspot\share\classfile\systemDictionary.cpp, line 312]
Event: 37.416 Thread 0x000002cd5bba8ce0 Exception <a 'java/lang/NoSuchMethodError'{0x00000000d65f1100}: 'java.lang.Object java.lang.invoke.DirectMethodHandle$Holder.invokeSpecialIFC(java.lang.Object, java.lang.Object, java.lang.Object, java.lang.Object)'> (0x00000000d65f1100) 
thrown [s\src\hotspot\share\interpreter\linkResolver.cpp, line 773]
Event: 37.564 Thread 0x000002cd5b7ea5d0 Exception <a 'java/io/FileNotFoundException'{0x00000000d6a52e20}> (0x00000000d6a52e20) 
thrown [s\src\hotspot\share\prims\jni.cpp, line 520]
Event: 37.600 Thread 0x000002cd5b7ea5d0 Exception <a 'java/lang/UnsatisfiedLinkError'{0x00000000d566f480}: The specified procedure could not be found.
> (0x00000000d566f480) 
thrown [s\src\hotspot\share\prims\jni.cpp, line 539]
Event: 37.609 Thread 0x000002cd5b7ea5d0 Exception <a 'java/io/FileNotFoundException'{0x00000000d5687310}> (0x00000000d5687310) 
thrown [s\src\hotspot\share\prims\jni.cpp, line 520]
Event: 37.621 Thread 0x000002cd5b7ea5d0 Exception <a 'java/io/FileNotFoundException'{0x00000000d57954f0}> (0x00000000d57954f0) 
thrown [s\src\hotspot\share\prims\jni.cpp, line 520]
Event: 37.629 Thread 0x000002cd5b7ea5d0 Exception <a 'java/lang/UnsatisfiedLinkError'{0x00000000d5836068}: The specified procedure could not be found.
> (0x00000000d5836068) 
thrown [s\src\hotspot\share\prims\jni.cpp, line 539]

ZGC Phase Switch (0 events):
No events

VM Operations (20 events):
Event: 35.909 Executing safepoint VM operation: CollectForMetadataAllocation (Metadata GC Threshold) done
Event: 36.271 Executing safepoint VM operation: ParallelGCFailedAllocation (Allocation Failure)
Event: 36.274 Executing safepoint VM operation: ParallelGCFailedAllocation (Allocation Failure) done
Event: 36.591 Executing safepoint VM operation: ParallelGCFailedAllocation (Allocation Failure)
Event: 36.592 Executing safepoint VM operation: ParallelGCFailedAllocation (Allocation Failure) done
Event: 36.904 Executing safepoint VM operation: ParallelGCFailedAllocation (Allocation Failure)
Event: 36.906 Executing safepoint VM operation: ParallelGCFailedAllocation (Allocation Failure) done
Event: 37.142 Executing non-safepoint VM operation: HandshakeAllThreads (Deoptimize)
Event: 37.142 Executing non-safepoint VM operation: HandshakeAllThreads (Deoptimize) done
Event: 37.223 Executing non-safepoint VM operation: HandshakeAllThreads (Deoptimize)
Event: 37.224 Executing non-safepoint VM operation: HandshakeAllThreads (Deoptimize) done
Event: 37.399 Executing non-safepoint VM operation: HandshakeAllThreads (Deoptimize)
Event: 37.399 Executing non-safepoint VM operation: HandshakeAllThreads (Deoptimize) done
Event: 37.409 Executing non-safepoint VM operation: HandshakeAllThreads (Deoptimize)
Event: 37.412 Executing non-safepoint VM operation: HandshakeAllThreads (Deoptimize) done
Event: 37.456 Executing non-safepoint VM operation: HandshakeAllThreads (Deoptimize)
Event: 37.463 Executing non-safepoint VM operation: HandshakeAllThreads (Deoptimize) done
Event: 37.577 Executing safepoint VM operation: ParallelGCFailedAllocation (Allocation Failure)
Event: 37.585 Executing safepoint VM operation: ParallelGCFailedAllocation (Allocation Failure) done
Event: 38.586 Executing safepoint VM operation: Cleanup

Memory protections (0 events):
No events

Nmethod flushes (0 events):
No events

Events (20 events):
Event: 32.255 Thread 0x000002cd5bba7fc0 Thread exited: 0x000002cd5bba7fc0
Event: 32.270 Thread 0x000002cd5bbaa090 Thread exited: 0x000002cd5bbaa090
Event: 32.270 Thread 0x000002cd5bbaa720 Thread exited: 0x000002cd5bbaa720
Event: 32.367 Thread 0x000002cd55b2fd60 Thread added: 0x000002cd5bdf9530
Event: 32.568 Thread 0x000002cd5b7ea5d0 Thread added: 0x000002cd5bba7fc0
Event: 33.205 Thread 0x000002cd5b7ea5d0 Thread added: 0x000002cd5bba6580
Event: 33.249 Thread 0x000002cd5bdf9530 Thread exited: 0x000002cd5bdf9530
Event: 33.566 Thread 0x000002cd55b2fd60 Thread added: 0x000002cd5c77a010
Event: 33.585 Thread 0x000002cd5c77a010 Thread added: 0x000002cd5c77a6c0
Event: 34.719 Thread 0x000002cd5b7ea5d0 Thread added: 0x000002cd5bba6c10
Event: 34.808 Thread 0x000002cd5c77a6c0 Thread exited: 0x000002cd5c77a6c0
Event: 34.973 Thread 0x000002cd5c77a010 Thread exited: 0x000002cd5c77a010
Event: 35.225 Thread 0x000002cd5b7ea5d0 Thread added: 0x000002cd5bba8650
Event: 35.296 Thread 0x000002cd5b7ea5d0 Thread added: 0x000002cd5bba8ce0
Event: 35.487 Thread 0x000002cd55b2fd60 Thread added: 0x000002cd5b1762b0
Event: 35.492 Thread 0x000002cd55b2fd60 Thread added: 0x000002cd5c233b90
Event: 37.052 Thread 0x000002cd5bba8650 Thread added: 0x000002cd5bba5860
Event: 37.171 Thread 0x000002cd5bba5860 Thread added: 0x000002cd5bba9a00
Event: 37.182 Thread 0x000002cd5b7ea5d0 Thread added: 0x000002cd5bba9370
Event: 37.716 Thread 0x000002cd5bba5860 Thread added: 0x000002cd5bbac160


Dynamic libraries:
0x00007ff61e930000 - 0x00007ff61e93e000 	c:\Users\jayes\.vscode\extensions\redhat.java-1.53.0-win32-x64\jre\21.0.10-win32-x86_64\bin\java.exe
0x00007fff36d60000 - 0x00007fff36fc7000 	C:\WINDOWS\SYSTEM32\ntdll.dll
0x00007fff362f0000 - 0x00007fff363b9000 	C:\WINDOWS\System32\KERNEL32.DLL
0x00007fff33860000 - 0x00007fff33c51000 	C:\WINDOWS\System32\KERNELBASE.dll
0x00007fff2e0f0000 - 0x00007fff2e18f000 	C:\WINDOWS\SYSTEM32\apphelp.dll
0x00007fff33ed0000 - 0x00007fff3401b000 	C:\WINDOWS\System32\ucrtbase.dll
0x00007ffeb9930000 - 0x00007ffeb9948000 	c:\Users\jayes\.vscode\extensions\redhat.java-1.53.0-win32-x64\jre\21.0.10-win32-x86_64\bin\jli.dll
0x00007ffef4ae0000 - 0x00007ffef4afe000 	c:\Users\jayes\.vscode\extensions\redhat.java-1.53.0-win32-x64\jre\21.0.10-win32-x86_64\bin\VCRUNTIME140.dll
0x00007fff36120000 - 0x00007fff362e5000 	C:\WINDOWS\System32\USER32.dll
0x00007fff33de0000 - 0x00007fff33e07000 	C:\WINDOWS\System32\win32u.dll
0x00007fff12990000 - 0x00007fff12c23000 	C:\WINDOWS\WinSxS\amd64_microsoft.windows.common-controls_6595b64144ccf1df_6.0.26100.7922_none_3e089e1ee3342171\COMCTL32.dll
0x00007fff365b0000 - 0x00007fff365db000 	C:\WINDOWS\System32\GDI32.dll
0x00007fff34b00000 - 0x00007fff34ba9000 	C:\WINDOWS\System32\msvcrt.dll
0x00007fff34940000 - 0x00007fff34a6a000 	C:\WINDOWS\System32\gdi32full.dll
0x00007fff33640000 - 0x00007fff336e3000 	C:\WINDOWS\System32\msvcp_win.dll
0x00007fff35d70000 - 0x00007fff35da1000 	C:\WINDOWS\System32\IMM32.DLL
0x00007fff08e70000 - 0x00007fff08e7c000 	c:\Users\jayes\.vscode\extensions\redhat.java-1.53.0-win32-x64\jre\21.0.10-win32-x86_64\bin\vcruntime140_1.dll
0x00007ffe88b70000 - 0x00007ffe88bfd000 	c:\Users\jayes\.vscode\extensions\redhat.java-1.53.0-win32-x64\jre\21.0.10-win32-x86_64\bin\msvcp140.dll
0x00007ffe3b330000 - 0x00007ffe3c0d1000 	c:\Users\jayes\.vscode\extensions\redhat.java-1.53.0-win32-x64\jre\21.0.10-win32-x86_64\bin\server\jvm.dll
0x00007fff357d0000 - 0x00007fff3588b000 	C:\WINDOWS\System32\ADVAPI32.dll
0x00007fff36070000 - 0x00007fff36117000 	C:\WINDOWS\System32\sechost.dll
0x00007fff36740000 - 0x00007fff36858000 	C:\WINDOWS\System32\RPCRT4.dll
0x00007fff35af0000 - 0x00007fff35b64000 	C:\WINDOWS\System32\WS2_32.dll
0x00007fff32e20000 - 0x00007fff32e7e000 	C:\WINDOWS\SYSTEM32\POWRPROF.dll
0x00007fff28650000 - 0x00007fff2865b000 	C:\WINDOWS\SYSTEM32\VERSION.dll
0x00007fff24ef0000 - 0x00007fff24f25000 	C:\WINDOWS\SYSTEM32\WINMM.dll
0x00007fff32e00000 - 0x00007fff32e14000 	C:\WINDOWS\SYSTEM32\UMPDC.dll
0x00007fff323a0000 - 0x00007fff323bb000 	C:\WINDOWS\SYSTEM32\kernel.appcore.dll
0x00007ffecfdd0000 - 0x00007ffecfdda000 	c:\Users\jayes\.vscode\extensions\redhat.java-1.53.0-win32-x64\jre\21.0.10-win32-x86_64\bin\jimage.dll
0x00007fff31440000 - 0x00007fff31682000 	C:\WINDOWS\SYSTEM32\DBGHELP.DLL
0x00007fff36860000 - 0x00007fff36be2000 	C:\WINDOWS\System32\combase.dll
0x00007fff35bd0000 - 0x00007fff35ca7000 	C:\WINDOWS\System32\OLEAUT32.dll
0x00007fff12210000 - 0x00007fff1224b000 	C:\WINDOWS\SYSTEM32\dbgcore.DLL
0x00007fff34020000 - 0x00007fff340c5000 	C:\WINDOWS\System32\bcryptPrimitives.dll
0x00007ffeccf70000 - 0x00007ffeccf7f000 	c:\Users\jayes\.vscode\extensions\redhat.java-1.53.0-win32-x64\jre\21.0.10-win32-x86_64\bin\instrument.dll
0x00007ffe932b0000 - 0x00007ffe932d0000 	c:\Users\jayes\.vscode\extensions\redhat.java-1.53.0-win32-x64\jre\21.0.10-win32-x86_64\bin\java.dll
0x00007fff35060000 - 0x00007fff357bf000 	C:\WINDOWS\System32\SHELL32.dll
0x00007fff336f0000 - 0x00007fff3385a000 	C:\WINDOWS\System32\wintypes.dll
0x00007fff340d0000 - 0x00007fff34934000 	C:\WINDOWS\System32\windows.storage.dll
0x00007fff36bf0000 - 0x00007fff36ce7000 	C:\WINDOWS\System32\SHCORE.dll
0x00007fff363c0000 - 0x00007fff36427000 	C:\WINDOWS\System32\shlwapi.dll
0x00007fff33560000 - 0x00007fff33589000 	C:\WINDOWS\SYSTEM32\profapi.dll
0x00007ffe93290000 - 0x00007ffe932a8000 	c:\Users\jayes\.vscode\extensions\redhat.java-1.53.0-win32-x64\jre\21.0.10-win32-x86_64\bin\zip.dll
0x00007ffecc4a0000 - 0x00007ffecc4b0000 	C:\Users\jayes\.vscode\extensions\redhat.java-1.53.0-win32-x64\jre\21.0.10-win32-x86_64\bin\net.dll
0x00007fff29ce0000 - 0x00007fff29e07000 	C:\WINDOWS\SYSTEM32\WINHTTP.dll
0x00007fff32920000 - 0x00007fff3298b000 	C:\WINDOWS\system32\mswsock.dll
0x00007ffe917d0000 - 0x00007ffe917e6000 	C:\Users\jayes\.vscode\extensions\redhat.java-1.53.0-win32-x64\jre\21.0.10-win32-x86_64\bin\nio.dll
0x00007ffecac70000 - 0x00007ffecac80000 	c:\Users\jayes\.vscode\extensions\redhat.java-1.53.0-win32-x64\jre\21.0.10-win32-x86_64\bin\verify.dll
0x00007ffe88780000 - 0x00007ffe887c5000 	C:\Users\jayes\AppData\Roaming\Code\User\globalStorage\redhat.java\1.53.0\config_win\org.eclipse.equinox.launcher\org.eclipse.equinox.launcher.win32.win32.x86_64_1.3.0.v20260203-2149\eclipse_11919.dll
0x00007fff35eb0000 - 0x00007fff36045000 	C:\WINDOWS\System32\ole32.dll
0x00007fff32c20000 - 0x00007fff32c3b000 	C:\WINDOWS\SYSTEM32\CRYPTSP.dll
0x00007fff32300000 - 0x00007fff32339000 	C:\WINDOWS\system32\rsaenh.dll
0x00007fff329f0000 - 0x00007fff32a22000 	C:\WINDOWS\SYSTEM32\USERENV.dll
0x00007fff33530000 - 0x00007fff3355a000 	C:\WINDOWS\SYSTEM32\bcrypt.dll
0x00007fff32c40000 - 0x00007fff32c4c000 	C:\WINDOWS\SYSTEM32\CRYPTBASE.dll
0x00007fff31ca0000 - 0x00007fff31cd3000 	C:\WINDOWS\SYSTEM32\IPHLPAPI.DLL
0x00007fff35040000 - 0x00007fff3504a000 	C:\WINDOWS\System32\NSI.dll
0x00007ffe88730000 - 0x00007ffe88779000 	C:\Users\jayes\AppData\Local\Temp\jna-100902480\jna10498227998168709961.dll
0x00007fff36430000 - 0x00007fff36438000 	C:\WINDOWS\System32\PSAPI.DLL
0x00007fff2abe0000 - 0x00007fff2abfd000 	C:\WINDOWS\SYSTEM32\dhcpcsvc6.DLL
0x00007fff2abb0000 - 0x00007fff2abd3000 	C:\WINDOWS\SYSTEM32\dhcpcsvc.DLL

JVMTI agents:
c:\Users\jayes\.vscode\extensions\redhat.java-1.53.0-win32-x64\lombok\lombok-1.18.39-4050.jar path:c:\Users\jayes\.vscode\extensions\redhat.java-1.53.0-win32-x64\jre\21.0.10-win32-x86_64\bin\instrument.dll, loaded, initialized, instrumentlib options:none

dbghelp: loaded successfully - version: 4.0.5 - missing functions: none
symbol engine: initialized successfully - sym options: 0x614 - pdb path: .;c:\Users\jayes\.vscode\extensions\redhat.java-1.53.0-win32-x64\jre\21.0.10-win32-x86_64\bin;C:\WINDOWS\SYSTEM32;C:\WINDOWS\WinSxS\amd64_microsoft.windows.common-controls_6595b64144ccf1df_6.0.26100.7922_none_3e089e1ee3342171;c:\Users\jayes\.vscode\extensions\redhat.java-1.53.0-win32-x64\jre\21.0.10-win32-x86_64\bin\server;C:\Users\jayes\AppData\Roaming\Code\User\globalStorage\redhat.java\1.53.0\config_win\org.eclipse.equinox.launcher\org.eclipse.equinox.launcher.win32.win32.x86_64_1.3.0.v20260203-2149;C:\Users\jayes\AppData\Local\Temp\jna-100902480

VM Arguments:
jvm_args: --add-modules=ALL-SYSTEM --add-opens=java.base/java.util=ALL-UNNAMED --add-opens=java.base/java.lang=ALL-UNNAMED --add-opens=java.base/sun.nio.fs=ALL-UNNAMED -Declipse.application=org.eclipse.jdt.ls.core.id1 -Dosgi.bundles.defaultStartLevel=4 -Declipse.product=org.eclipse.jdt.ls.core.product -Djava.import.generatesMetadataFilesAtProjectRoot=false -DDetectVMInstallationsJob.disabled=true -Dfile.encoding=utf8 -XX:+UseParallelGC -XX:GCTimeRatio=4 -XX:AdaptiveSizePolicyWeight=90 -Dsun.zip.disableMemoryMapping=true -Xmx2G -Xms100m -Xlog:disable -javaagent:c:\Users\jayes\.vscode\extensions\redhat.java-1.53.0-win32-x64\lombok\lombok-1.18.39-4050.jar -XX:+HeapDumpOnOutOfMemoryError -XX:HeapDumpPath=c:\Users\jayes\AppData\Roaming\Code\User\workspaceStorage\5159189813e4aca66e7defa5ecb4e5fb\redhat.java -Daether.dependencyCollector.impl=bf 
java_command: c:\Users\jayes\.vscode\extensions\redhat.java-1.53.0-win32-x64\server\plugins\org.eclipse.equinox.launcher_1.7.100.v20251111-0406.jar -configuration c:\Users\jayes\AppData\Roaming\Code\User\globalStorage\redhat.java\1.53.0\config_win -data c:\Users\jayes\AppData\Roaming\Code\User\workspaceStorage\5159189813e4aca66e7defa5ecb4e5fb\redhat.java\jdt_ws --pipe=\\.\pipe\lsp-99d3f40edaf686ccbb25ad705c19b419-sock
java_class_path (initial): c:\Users\jayes\.vscode\extensions\redhat.java-1.53.0-win32-x64\server\plugins\org.eclipse.equinox.launcher_1.7.100.v20251111-0406.jar
Launcher Type: SUN_STANDARD

[Global flags]
    uintx AdaptiveSizePolicyWeight                 = 90                                        {product} {command line}
     intx CICompilerCount                          = 4                                         {product} {ergonomic}
    uintx GCTimeRatio                              = 4                                         {product} {command line}
     bool HeapDumpOnOutOfMemoryError               = true                                   {manageable} {command line}
    ccstr HeapDumpPath                             = c:\Users\jayes\AppData\Roaming\Code\User\workspaceStorage\5159189813e4aca66e7defa5ecb4e5fb\redhat.java         {manageable} {command line}
   size_t InitialHeapSize                          = 104857600                                 {product} {command line}
   size_t MaxHeapSize                              = 2147483648                                {product} {command line}
   size_t MaxNewSize                               = 715653120                                 {product} {ergonomic}
   size_t MinHeapDeltaBytes                        = 524288                                    {product} {ergonomic}
   size_t MinHeapSize                              = 104857600                                 {product} {command line}
   size_t NewSize                                  = 34603008                                  {product} {ergonomic}
    uintx NonNMethodCodeHeapSize                   = 5839372                                {pd product} {ergonomic}
    uintx NonProfiledCodeHeapSize                  = 122909434                              {pd product} {ergonomic}
   size_t OldSize                                  = 70254592                                  {product} {ergonomic}
    uintx ProfiledCodeHeapSize                     = 122909434                              {pd product} {ergonomic}
    uintx ReservedCodeCacheSize                    = 251658240                              {pd product} {ergonomic}
     bool SegmentedCodeCache                       = true                                      {product} {ergonomic}
   size_t SoftMaxHeapSize                          = 2147483648                             {manageable} {ergonomic}
     bool UseCompressedOops                        = true                           {product lp64_product} {ergonomic}
     bool UseLargePagesIndividualAllocation        = false                                  {pd product} {ergonomic}
     bool UseParallelGC                            = true                                      {product} {command line}

Logging:
Log output configuration:
 #0: stdout all=off uptime,level,tags foldmultilines=false
 #1: stderr all=off uptime,level,tags foldmultilines=false

Release file:
JAVA_VERSION="21.0.10" 
MODULES="java.base java.compiler java.datatransfer java.xml java.prefs java.desktop java.instrument java.logging java.management java.security.sasl java.naming java.rmi java.management.rmi java.net.http java.scripting java.security.jgss java.transaction.xa java.sql java.sql.rowset java.xml.crypto java.se java.smartcardio jdk.accessibility jdk.internal.jvmstat jdk.attach jdk.charsets jdk.internal.opt jdk.zipfs jdk.compiler jdk.crypto.ec jdk.crypto.cryptoki jdk.crypto.mscapi jdk.dynalink jdk.internal.ed jdk.editpad jdk.hotspot.agent jdk.httpserver jdk.internal.le jdk.internal.vm.ci jdk.internal.vm.compiler jdk.internal.vm.compiler.management jdk.jartool jdk.javadoc jdk.jcmd jdk.management jdk.management.agent jdk.jconsole jdk.jdeps jdk.jdwp.agent jdk.jdi jdk.jfr jdk.jshell jdk.jsobject jdk.jstatd jdk.localedata jdk.management.jfr jdk.naming.dns jdk.naming.rmi jdk.net jdk.nio.mapmode jdk.random jdk.sctp jdk.security.auth jdk.security.jgss jdk.unsupported jdk.unsupported.desktop jdk.xml.dom" 

Environment Variables:
PATH=C:\Users\jayes\AppData\Local\Programs\Microsoft VS Code;c:\Users\jayes\AppData\Local\Programs\cursor\resources\app\bin;C:\Program Files\Common Files\Oracle\Java\javapath;C:\Program Files (x86)\Common Files\Oracle\Java\java8path;C:\Program Files (x86)\Common Files\Oracle\Java\javapath;C:\windows\system32;C:\windows;C:\windows\System32\Wbem;C:\windows\System32\WindowsPowerShell\v1.0\;C:\windows\System32\OpenSSH\;C:\Program Files (x86)\NVIDIA Corporation\PhysX\Common;C:\Program Files\HP\HP One Agent;C:\Program Files\nodejs\;C:\ProgramData\chocolatey\bin;C:\Program Files\Git\cmd;C:\Program Files\Git\mingw64\bin;C:\Program Files\Git\usr\bin;C:\Program Files\MongoDB\mongosh-2.3.1-win32-x64\bin;C:\Program Files\NVIDIA Corporation\NVIDIA app\NvDLISR;C:\WINDOWS\system32;C:\WINDOWS;C:\WINDOWS\System32\Wbem;C:\WINDOWS\System32\WindowsPowerShell\v1.0\;C:\WINDOWS\System32\OpenSSH\;C:\Users\jayes\AppData\Local\Programs\Python\Python311\Scripts\;C:\Users\jayes\AppData\Local\Programs\Python\Python311\;C:\Users\j;C:\platform-tools;C:\Program Files\Microsoft SQL Server\150\Tools\Binn\;C:\Users\jayes\AppData\Local\Programs\Python\Python311\Scripts\;C:\Users\jayes\AppData\Local\Programs\Python\Python311\;C:\Users\jayes\AppData\Local\Microsoft\WindowsApps;C:\src\flutter\bin;C:\Users\jayes\AppData\Local\GitHubDesktop\bin;C:\Users\jayes\AppData\Local\Microsoft\WinGet\Links;C:\Users\jayes\AppData\Roaming\npm;C:\Program Files\JetBrains\WebStorm 2024.3.1\bin;;C:\Users\jayes\AppData\Local\Programs\Microsoft VS Code\bin;C:\Users\jayes\AppData\Local\Programs\cursor\resources\app\bin;C:\flutter\bin;C:\Users\jayes\AppData\Local\Pub\Cache\bin;C:\Users\jayes\.dotnet\tools
USERNAME=jayes
OS=Windows_NT
PROCESSOR_IDENTIFIER=Intel64 Family 6 Model 154 Stepping 3, GenuineIntel
TMP=C:\Users\jayes\AppData\Local\Temp
TEMP=C:\Users\jayes\AppData\Local\Temp




Periodic native trim disabled

---------------  S Y S T E M  ---------------

OS:
 Windows 11 , 64 bit Build 26100 (10.0.26100.7920)
OS uptime: 11 days 13:16 hours
Hyper-V role detected

CPU: total 12 (initial active 12) (6 cores per cpu, 2 threads per core) family 6 model 154 stepping 3 microcode 0x434, cx8, cmov, fxsr, ht, mmx, 3dnowpref, sse, sse2, sse3, ssse3, sse4.1, sse4.2, popcnt, lzcnt, tsc, tscinvbit, avx, avx2, aes, erms, clmul, bmi1, bmi2, adx, sha, fma, vzeroupper, clflush, clflushopt, clwb, hv, serialize, rdtscp, rdpid, fsrm, f16c, cet_ibt, cet_ss
Processor Information for processor 0
  Max Mhz: 2000, Current Mhz: 2000, Mhz Limit: 2000
Processor Information for processor 1
  Max Mhz: 2000, Current Mhz: 2000, Mhz Limit: 2000
Processor Information for processor 2
  Max Mhz: 2000, Current Mhz: 1520, Mhz Limit: 2000
Processor Information for processor 3
  Max Mhz: 2000, Current Mhz: 2000, Mhz Limit: 2000
Processor Information for processor 4
  Max Mhz: 2000, Current Mhz: 2000, Mhz Limit: 2000
Processor Information for processor 5
  Max Mhz: 2000, Current Mhz: 2000, Mhz Limit: 2000
Processor Information for processor 6
  Max Mhz: 2000, Current Mhz: 2000, Mhz Limit: 2000
Processor Information for processor 7
  Max Mhz: 2000, Current Mhz: 1520, Mhz Limit: 2000
Processor Information for processor 8
  Max Mhz: 2000, Current Mhz: 2000, Mhz Limit: 2000
Processor Information for processor 9
  Max Mhz: 2000, Current Mhz: 2000, Mhz Limit: 2000
Processor Information for processor 10
  Max Mhz: 2000, Current Mhz: 2000, Mhz Limit: 2000
Processor Information for processor 11
  Max Mhz: 2000, Current Mhz: 2000, Mhz Limit: 2000

Memory: 4k page, system-wide physical 16052M (1155M free)
TotalPageFile size 65204M (AvailPageFile size 1M)
current process WorkingSet (physical memory assigned to process): 192M, peak: 192M
current process commit charge ("private bytes"): 318M, peak: 320M

vm_info: OpenJDK 64-Bit Server VM (21.0.10+7-LTS) for windows-amd64 JRE (21.0.10+7-LTS), built on 2026-01-20T00:00:00Z by "admin" with MS VC++ 17.12 (VS2022)

END.
